{"/workspaces/apps/src/main.ts": {"path":"/workspaces/apps/src/main.ts","all":false,"statementMap":{"0":{"start":{"line":1,"column":0},"end":{"line":1,"column":21}},"1":{"start":{"line":2,"column":0},"end":{"line":2,"column":44}},"2":{"start":{"line":3,"column":0},"end":{"line":3,"column":30}},"3":{"start":{"line":4,"column":0},"end":{"line":4,"column":45}},"4":{"start":{"line":5,"column":0},"end":{"line":5,"column":43}},"5":{"start":{"line":6,"column":0},"end":{"line":6,"column":41}},"26":{"start":{"line":27,"column":0},"end":{"line":27,"column":22}},"30":{"start":{"line":31,"column":0},"end":{"line":31,"column":37}},"31":{"start":{"line":32,"column":0},"end":{"line":32,"column":9}},"33":{"start":{"line":34,"column":0},"end":{"line":34,"column":38}},"36":{"start":{"line":37,"column":0},"end":{"line":37,"column":11}},"37":{"start":{"line":38,"column":0},"end":{"line":38,"column":35}},"38":{"start":{"line":39,"column":0},"end":{"line":39,"column":26}},"40":{"start":{"line":41,"column":0},"end":{"line":41,"column":89}},"41":{"start":{"line":42,"column":0},"end":{"line":42,"column":84}},"44":{"start":{"line":45,"column":0},"end":{"line":45,"column":43}},"45":{"start":{"line":46,"column":0},"end":{"line":46,"column":29}},"46":{"start":{"line":47,"column":0},"end":{"line":47,"column":31}},"47":{"start":{"line":48,"column":0},"end":{"line":48,"column":35}},"48":{"start":{"line":49,"column":0},"end":{"line":49,"column":85}},"49":{"start":{"line":50,"column":0},"end":{"line":50,"column":74}},"50":{"start":{"line":51,"column":0},"end":{"line":51,"column":48}},"51":{"start":{"line":52,"column":0},"end":{"line":52,"column":13}},"52":{"start":{"line":53,"column":0},"end":{"line":53,"column":9}},"53":{"start":{"line":54,"column":0},"end":{"line":54,"column":7}},"56":{"start":{"line":57,"column":0},"end":{"line":57,"column":40}},"57":{"start":{"line":58,"column":0},"end":{"line":58,"column":21}},"58":{"start":{"line":59,"column":0},"end":{"line":59,"column":78}},"59":{"start":{"line":60,"column":0},"end":{"line":60,"column":77}},"60":{"start":{"line":61,"column":0},"end":{"line":61,"column":36}},"61":{"start":{"line":62,"column":0},"end":{"line":62,"column":5}},"62":{"start":{"line":63,"column":0},"end":{"line":63,"column":3}},"67":{"start":{"line":68,"column":0},"end":{"line":68,"column":44}},"69":{"start":{"line":70,"column":0},"end":{"line":70,"column":49}},"72":{"start":{"line":73,"column":0},"end":{"line":73,"column":49}},"73":{"start":{"line":74,"column":0},"end":{"line":74,"column":22}},"74":{"start":{"line":75,"column":0},"end":{"line":75,"column":36}},"75":{"start":{"line":76,"column":0},"end":{"line":76,"column":31}},"76":{"start":{"line":77,"column":0},"end":{"line":77,"column":45}},"77":{"start":{"line":78,"column":0},"end":{"line":78,"column":27}},"78":{"start":{"line":79,"column":0},"end":{"line":79,"column":30}},"79":{"start":{"line":80,"column":0},"end":{"line":80,"column":85}},"82":{"start":{"line":83,"column":0},"end":{"line":83,"column":51}},"85":{"start":{"line":86,"column":0},"end":{"line":86,"column":41}},"86":{"start":{"line":87,"column":0},"end":{"line":87,"column":44}},"87":{"start":{"line":88,"column":0},"end":{"line":88,"column":27}},"88":{"start":{"line":89,"column":0},"end":{"line":89,"column":22}},"89":{"start":{"line":90,"column":0},"end":{"line":90,"column":26}},"90":{"start":{"line":91,"column":0},"end":{"line":91,"column":80}},"91":{"start":{"line":92,"column":0},"end":{"line":92,"column":27}},"92":{"start":{"line":93,"column":0},"end":{"line":93,"column":28}},"93":{"start":{"line":94,"column":0},"end":{"line":94,"column":73}},"94":{"start":{"line":95,"column":0},"end":{"line":95,"column":44}},"95":{"start":{"line":96,"column":0},"end":{"line":96,"column":9}},"99":{"start":{"line":100,"column":0},"end":{"line":100,"column":34}},"100":{"start":{"line":101,"column":0},"end":{"line":101,"column":86}},"101":{"start":{"line":102,"column":0},"end":{"line":102,"column":57}},"103":{"start":{"line":104,"column":0},"end":{"line":104,"column":33}},"105":{"start":{"line":106,"column":0},"end":{"line":106,"column":86}},"106":{"start":{"line":107,"column":0},"end":{"line":107,"column":14}},"108":{"start":{"line":109,"column":0},"end":{"line":109,"column":38}},"109":{"start":{"line":110,"column":0},"end":{"line":110,"column":7}},"112":{"start":{"line":113,"column":0},"end":{"line":113,"column":7}},"115":{"start":{"line":116,"column":0},"end":{"line":116,"column":62}},"116":{"start":{"line":117,"column":0},"end":{"line":117,"column":99}},"117":{"start":{"line":118,"column":0},"end":{"line":118,"column":37}},"120":{"start":{"line":121,"column":0},"end":{"line":121,"column":63}},"123":{"start":{"line":124,"column":0},"end":{"line":124,"column":41}},"124":{"start":{"line":125,"column":0},"end":{"line":125,"column":44}},"125":{"start":{"line":126,"column":0},"end":{"line":126,"column":27}},"126":{"start":{"line":127,"column":0},"end":{"line":127,"column":35}},"127":{"start":{"line":128,"column":0},"end":{"line":128,"column":26}},"128":{"start":{"line":129,"column":0},"end":{"line":129,"column":27}},"129":{"start":{"line":130,"column":0},"end":{"line":130,"column":44}},"130":{"start":{"line":131,"column":0},"end":{"line":131,"column":9}},"133":{"start":{"line":134,"column":0},"end":{"line":134,"column":34}},"134":{"start":{"line":135,"column":0},"end":{"line":135,"column":86}},"135":{"start":{"line":136,"column":0},"end":{"line":136,"column":57}},"137":{"start":{"line":138,"column":0},"end":{"line":138,"column":33}},"139":{"start":{"line":140,"column":0},"end":{"line":140,"column":90}},"140":{"start":{"line":141,"column":0},"end":{"line":141,"column":14}},"142":{"start":{"line":143,"column":0},"end":{"line":143,"column":38}},"143":{"start":{"line":144,"column":0},"end":{"line":144,"column":7}},"144":{"start":{"line":145,"column":0},"end":{"line":145,"column":7}},"145":{"start":{"line":146,"column":0},"end":{"line":146,"column":3}},"150":{"start":{"line":151,"column":0},"end":{"line":151,"column":67}},"151":{"start":{"line":152,"column":0},"end":{"line":152,"column":67}},"152":{"start":{"line":153,"column":0},"end":{"line":153,"column":3}},"158":{"start":{"line":159,"column":0},"end":{"line":159,"column":48}},"160":{"start":{"line":161,"column":0},"end":{"line":161,"column":84}},"162":{"start":{"line":163,"column":0},"end":{"line":163,"column":27}},"165":{"start":{"line":166,"column":0},"end":{"line":166,"column":80}},"166":{"start":{"line":167,"column":0},"end":{"line":167,"column":31}},"167":{"start":{"line":168,"column":0},"end":{"line":168,"column":5}},"170":{"start":{"line":171,"column":0},"end":{"line":171,"column":9}},"171":{"start":{"line":172,"column":0},"end":{"line":172,"column":34}},"172":{"start":{"line":173,"column":0},"end":{"line":173,"column":64}},"173":{"start":{"line":174,"column":0},"end":{"line":174,"column":21}},"176":{"start":{"line":177,"column":0},"end":{"line":177,"column":90}},"178":{"start":{"line":179,"column":0},"end":{"line":179,"column":35}},"180":{"start":{"line":181,"column":0},"end":{"line":181,"column":12}},"181":{"start":{"line":182,"column":0},"end":{"line":182,"column":77}},"182":{"start":{"line":183,"column":0},"end":{"line":183,"column":68}},"183":{"start":{"line":184,"column":0},"end":{"line":184,"column":70}},"184":{"start":{"line":185,"column":0},"end":{"line":185,"column":11}},"185":{"start":{"line":186,"column":0},"end":{"line":186,"column":22}},"186":{"start":{"line":187,"column":0},"end":{"line":187,"column":106}},"188":{"start":{"line":189,"column":0},"end":{"line":189,"column":12}},"190":{"start":{"line":191,"column":0},"end":{"line":191,"column":35}},"191":{"start":{"line":192,"column":0},"end":{"line":192,"column":97}},"192":{"start":{"line":193,"column":0},"end":{"line":193,"column":12}},"193":{"start":{"line":194,"column":0},"end":{"line":194,"column":43}},"194":{"start":{"line":195,"column":0},"end":{"line":195,"column":9}},"195":{"start":{"line":196,"column":0},"end":{"line":196,"column":7}},"198":{"start":{"line":199,"column":0},"end":{"line":199,"column":25}},"199":{"start":{"line":200,"column":0},"end":{"line":200,"column":5}},"200":{"start":{"line":201,"column":0},"end":{"line":201,"column":3}},"205":{"start":{"line":206,"column":0},"end":{"line":206,"column":69}},"206":{"start":{"line":207,"column":0},"end":{"line":207,"column":9}},"208":{"start":{"line":209,"column":0},"end":{"line":209,"column":88}},"209":{"start":{"line":210,"column":0},"end":{"line":210,"column":46}},"210":{"start":{"line":211,"column":0},"end":{"line":211,"column":89}},"211":{"start":{"line":212,"column":0},"end":{"line":212,"column":11}},"212":{"start":{"line":213,"column":0},"end":{"line":213,"column":7}},"215":{"start":{"line":216,"column":0},"end":{"line":216,"column":52}},"216":{"start":{"line":217,"column":0},"end":{"line":217,"column":51}},"217":{"start":{"line":218,"column":0},"end":{"line":218,"column":17}},"218":{"start":{"line":219,"column":0},"end":{"line":219,"column":21}},"219":{"start":{"line":220,"column":0},"end":{"line":220,"column":78}},"220":{"start":{"line":221,"column":0},"end":{"line":221,"column":71}},"221":{"start":{"line":222,"column":0},"end":{"line":222,"column":36}},"222":{"start":{"line":223,"column":0},"end":{"line":223,"column":18}},"223":{"start":{"line":224,"column":0},"end":{"line":224,"column":5}},"224":{"start":{"line":225,"column":0},"end":{"line":225,"column":3}},"229":{"start":{"line":230,"column":0},"end":{"line":230,"column":51}},"230":{"start":{"line":231,"column":0},"end":{"line":231,"column":9}},"231":{"start":{"line":232,"column":0},"end":{"line":232,"column":58}},"232":{"start":{"line":233,"column":0},"end":{"line":233,"column":25}},"233":{"start":{"line":234,"column":0},"end":{"line":234,"column":34}},"238":{"start":{"line":239,"column":0},"end":{"line":239,"column":84}},"247":{"start":{"line":248,"column":0},"end":{"line":248,"column":7}},"248":{"start":{"line":249,"column":0},"end":{"line":249,"column":29}},"250":{"start":{"line":251,"column":0},"end":{"line":251,"column":22}},"251":{"start":{"line":252,"column":0},"end":{"line":252,"column":87}},"252":{"start":{"line":253,"column":0},"end":{"line":253,"column":61}},"255":{"start":{"line":256,"column":0},"end":{"line":256,"column":100}},"256":{"start":{"line":257,"column":0},"end":{"line":257,"column":5}},"257":{"start":{"line":258,"column":0},"end":{"line":258,"column":3}},"258":{"start":{"line":259,"column":0},"end":{"line":259,"column":1}},"264":{"start":{"line":265,"column":0},"end":{"line":265,"column":44}},"265":{"start":{"line":266,"column":0},"end":{"line":266,"column":46}},"266":{"start":{"line":267,"column":0},"end":{"line":267,"column":74}},"267":{"start":{"line":268,"column":0},"end":{"line":268,"column":55}},"268":{"start":{"line":269,"column":0},"end":{"line":269,"column":3}}},"s":{"0":1,"1":1,"2":1,"3":1,"4":1,"5":1,"26":1,"30":1,"31":4,"33":4,"36":4,"37":4,"38":4,"40":1,"41":1,"44":1,"45":1,"46":1,"47":1,"48":1,"49":1,"50":1,"51":1,"52":1,"53":1,"56":4,"57":4,"58":0,"59":0,"60":0,"61":0,"62":4,"67":1,"69":4,"72":4,"73":0,"74":0,"75":0,"76":0,"77":0,"78":0,"79":0,"82":0,"85":0,"86":0,"87":0,"88":0,"89":0,"90":0,"91":0,"92":0,"93":0,"94":0,"95":0,"99":0,"100":0,"101":0,"103":0,"105":0,"106":0,"108":0,"109":0,"112":4,"115":4,"116":0,"117":0,"120":0,"123":0,"124":0,"125":0,"126":0,"127":0,"128":0,"129":0,"130":0,"133":0,"134":0,"135":0,"137":0,"139":0,"140":0,"142":0,"143":0,"144":4,"145":4,"150":1,"151":0,"152":0,"158":1,"160":4,"162":4,"165":0,"166":0,"167":0,"170":4,"171":4,"172":3,"173":4,"176":1,"178":1,"180":1,"181":1,"182":1,"183":1,"184":1,"185":0,"186":0,"188":0,"190":0,"191":0,"192":0,"193":0,"194":0,"195":1,"198":1,"199":1,"200":4,"205":1,"206":4,"208":4,"209":0,"210":0,"211":0,"212":0,"215":4,"216":4,"217":4,"218":4,"219":0,"220":0,"221":0,"222":0,"223":0,"224":4,"229":1,"230":0,"231":0,"232":0,"233":0,"238":0,"247":0,"248":0,"250":0,"251":0,"252":0,"255":0,"256":0,"257":0,"258":1,"264":1,"265":1,"266":0,"267":0,"268":0},"branchMap":{"0":{"type":"branch","line":31,"loc":{"start":{"line":31,"column":2},"end":{"line":63,"column":3}},"locations":[{"start":{"line":31,"column":2},"end":{"line":63,"column":3}}]},"1":{"type":"branch","line":38,"loc":{"start":{"line":38,"column":33},"end":{"line":39,"column":15}},"locations":[{"start":{"line":38,"column":33},"end":{"line":39,"column":15}}]},"2":{"type":"branch","line":39,"loc":{"start":{"line":39,"column":6},"end":{"line":54,"column":7}},"locations":[{"start":{"line":39,"column":6},"end":{"line":54,"column":7}}]},"3":{"type":"branch","line":41,"loc":{"start":{"line":41,"column":62},"end":{"line":41,"column":89}},"locations":[{"start":{"line":41,"column":62},"end":{"line":41,"column":89}}]},"4":{"type":"branch","line":49,"loc":{"start":{"line":49,"column":58},"end":{"line":49,"column":85}},"locations":[{"start":{"line":49,"column":58},"end":{"line":49,"column":85}}]},"5":{"type":"branch","line":50,"loc":{"start":{"line":50,"column":56},"end":{"line":50,"column":74}},"locations":[{"start":{"line":50,"column":56},"end":{"line":50,"column":74}}]},"6":{"type":"branch","line":58,"loc":{"start":{"line":58,"column":4},"end":{"line":62,"column":5}},"locations":[{"start":{"line":58,"column":4},"end":{"line":62,"column":5}}]},"7":{"type":"branch","line":68,"loc":{"start":{"line":68,"column":10},"end":{"line":146,"column":3}},"locations":[{"start":{"line":68,"column":10},"end":{"line":146,"column":3}}]},"8":{"type":"branch","line":159,"loc":{"start":{"line":159,"column":2},"end":{"line":201,"column":3}},"locations":[{"start":{"line":159,"column":2},"end":{"line":201,"column":3}}]},"9":{"type":"branch","line":163,"loc":{"start":{"line":163,"column":26},"end":{"line":168,"column":5}},"locations":[{"start":{"line":163,"column":26},"end":{"line":168,"column":5}}]},"10":{"type":"branch","line":172,"loc":{"start":{"line":172,"column":32},"end":{"line":174,"column":13}},"locations":[{"start":{"line":172,"column":32},"end":{"line":174,"column":13}}]},"11":{"type":"branch","line":174,"loc":{"start":{"line":174,"column":4},"end":{"line":200,"column":5}},"locations":[{"start":{"line":174,"column":4},"end":{"line":200,"column":5}}]},"12":{"type":"branch","line":177,"loc":{"start":{"line":177,"column":57},"end":{"line":177,"column":90}},"locations":[{"start":{"line":177,"column":57},"end":{"line":177,"column":90}}]},"13":{"type":"branch","line":185,"loc":{"start":{"line":185,"column":10},"end":{"line":195,"column":9}},"locations":[{"start":{"line":185,"column":10},"end":{"line":195,"column":9}}]},"14":{"type":"branch","line":206,"loc":{"start":{"line":206,"column":2},"end":{"line":225,"column":3}},"locations":[{"start":{"line":206,"column":2},"end":{"line":225,"column":3}}]},"15":{"type":"branch","line":209,"loc":{"start":{"line":209,"column":34},"end":{"line":209,"column":87}},"locations":[{"start":{"line":209,"column":34},"end":{"line":209,"column":87}}]},"16":{"type":"branch","line":209,"loc":{"start":{"line":209,"column":87},"end":{"line":213,"column":7}},"locations":[{"start":{"line":209,"column":87},"end":{"line":213,"column":7}}]},"17":{"type":"branch","line":219,"loc":{"start":{"line":219,"column":4},"end":{"line":224,"column":5}},"locations":[{"start":{"line":219,"column":4},"end":{"line":224,"column":5}}]}},"b":{"0":[4],"1":[3],"2":[1],"3":[0],"4":[0],"5":[0],"6":[0],"7":[4],"8":[4],"9":[0],"10":[3],"11":[1],"12":[0],"13":[0],"14":[4],"15":[0],"16":[0],"17":[0]},"fnMap":{"0":{"name":"initialize","decl":{"start":{"line":31,"column":2},"end":{"line":63,"column":3}},"loc":{"start":{"line":31,"column":2},"end":{"line":63,"column":3}},"line":31},"1":{"name":"setupGlobalErrorHandlers","decl":{"start":{"line":68,"column":10},"end":{"line":146,"column":3}},"loc":{"start":{"line":68,"column":10},"end":{"line":146,"column":3}},"line":68},"2":{"name":"containsAny","decl":{"start":{"line":151,"column":10},"end":{"line":153,"column":3}},"loc":{"start":{"line":151,"column":10},"end":{"line":153,"column":3}},"line":151},"3":{"name":"initializePWA","decl":{"start":{"line":159,"column":2},"end":{"line":201,"column":3}},"loc":{"start":{"line":159,"column":2},"end":{"line":201,"column":3}},"line":159},"4":{"name":"initializeComponents","decl":{"start":{"line":206,"column":2},"end":{"line":225,"column":3}},"loc":{"start":{"line":206,"column":2},"end":{"line":225,"column":3}},"line":206},"5":{"name":"showErrorFallback","decl":{"start":{"line":230,"column":10},"end":{"line":258,"column":3}},"loc":{"start":{"line":230,"column":10},"end":{"line":258,"column":3}},"line":230}},"f":{"0":4,"1":4,"2":0,"3":4,"4":4,"5":0}}
,"/workspaces/apps/src/components/App.ts": {"path":"/workspaces/apps/src/components/App.ts","all":false,"statementMap":{"1":{"start":{"line":2,"column":0},"end":{"line":2,"column":19}},"2":{"start":{"line":3,"column":0},"end":{"line":3,"column":42}},"3":{"start":{"line":4,"column":0},"end":{"line":4,"column":44}},"8":{"start":{"line":9,"column":0},"end":{"line":9,"column":45}},"9":{"start":{"line":10,"column":0},"end":{"line":10,"column":106}},"10":{"start":{"line":11,"column":0},"end":{"line":11,"column":30}},"13":{"start":{"line":14,"column":0},"end":{"line":14,"column":45}},"14":{"start":{"line":15,"column":0},"end":{"line":15,"column":21}},"15":{"start":{"line":16,"column":0},"end":{"line":16,"column":3}},"17":{"start":{"line":18,"column":0},"end":{"line":18,"column":17}},"18":{"start":{"line":19,"column":0},"end":{"line":19,"column":12}},"20":{"start":{"line":21,"column":0},"end":{"line":21,"column":9}},"22":{"start":{"line":23,"column":0},"end":{"line":23,"column":57}},"25":{"start":{"line":26,"column":0},"end":{"line":26,"column":73}},"28":{"start":{"line":29,"column":0},"end":{"line":29,"column":52}},"29":{"start":{"line":30,"column":0},"end":{"line":30,"column":27}},"146":{"start":{"line":147,"column":0},"end":{"line":147,"column":32}},"147":{"start":{"line":148,"column":0},"end":{"line":148,"column":21}},"148":{"start":{"line":149,"column":0},"end":{"line":149,"column":19}},"149":{"start":{"line":150,"column":0},"end":{"line":150,"column":43}},"150":{"start":{"line":151,"column":0},"end":{"line":151,"column":65}},"151":{"start":{"line":152,"column":0},"end":{"line":152,"column":8}},"154":{"start":{"line":155,"column":0},"end":{"line":155,"column":25}},"155":{"start":{"line":156,"column":0},"end":{"line":156,"column":34}},"156":{"start":{"line":157,"column":0},"end":{"line":157,"column":73}},"157":{"start":{"line":158,"column":0},"end":{"line":158,"column":24}},"158":{"start":{"line":159,"column":0},"end":{"line":159,"column":25}},"159":{"start":{"line":160,"column":0},"end":{"line":160,"column":10}},"160":{"start":{"line":161,"column":0},"end":{"line":161,"column":8}},"161":{"start":{"line":162,"column":0},"end":{"line":162,"column":5}},"162":{"start":{"line":163,"column":0},"end":{"line":163,"column":3}},"165":{"start":{"line":166,"column":0},"end":{"line":166,"column":29}},"166":{"start":{"line":167,"column":0},"end":{"line":167,"column":9}},"168":{"start":{"line":169,"column":0},"end":{"line":169,"column":49}},"169":{"start":{"line":170,"column":0},"end":{"line":170,"column":22}},"170":{"start":{"line":171,"column":0},"end":{"line":171,"column":32}},"171":{"start":{"line":172,"column":0},"end":{"line":172,"column":7}},"172":{"start":{"line":173,"column":0},"end":{"line":173,"column":21}},"173":{"start":{"line":174,"column":0},"end":{"line":174,"column":19}},"174":{"start":{"line":175,"column":0},"end":{"line":175,"column":49}},"175":{"start":{"line":176,"column":0},"end":{"line":176,"column":65}},"176":{"start":{"line":177,"column":0},"end":{"line":177,"column":8}},"179":{"start":{"line":180,"column":0},"end":{"line":180,"column":25}},"180":{"start":{"line":181,"column":0},"end":{"line":181,"column":34}},"181":{"start":{"line":182,"column":0},"end":{"line":182,"column":73}},"182":{"start":{"line":183,"column":0},"end":{"line":183,"column":24}},"183":{"start":{"line":184,"column":0},"end":{"line":184,"column":25}},"184":{"start":{"line":185,"column":0},"end":{"line":185,"column":10}},"185":{"start":{"line":186,"column":0},"end":{"line":186,"column":8}},"188":{"start":{"line":189,"column":0},"end":{"line":189,"column":28}},"189":{"start":{"line":190,"column":0},"end":{"line":190,"column":55}},"190":{"start":{"line":191,"column":0},"end":{"line":191,"column":102}},"191":{"start":{"line":192,"column":0},"end":{"line":192,"column":46}},"192":{"start":{"line":193,"column":0},"end":{"line":193,"column":7}},"193":{"start":{"line":194,"column":0},"end":{"line":194,"column":5}},"194":{"start":{"line":195,"column":0},"end":{"line":195,"column":3}},"197":{"start":{"line":198,"column":0},"end":{"line":198,"column":32}},"199":{"start":{"line":200,"column":0},"end":{"line":200,"column":9}},"200":{"start":{"line":201,"column":0},"end":{"line":201,"column":28}},"201":{"start":{"line":202,"column":0},"end":{"line":202,"column":69}},"202":{"start":{"line":203,"column":0},"end":{"line":203,"column":22}},"203":{"start":{"line":204,"column":0},"end":{"line":204,"column":67}},"204":{"start":{"line":205,"column":0},"end":{"line":205,"column":57}},"205":{"start":{"line":206,"column":0},"end":{"line":206,"column":9}},"206":{"start":{"line":207,"column":0},"end":{"line":207,"column":7}},"207":{"start":{"line":208,"column":0},"end":{"line":208,"column":21}},"208":{"start":{"line":209,"column":0},"end":{"line":209,"column":19}},"209":{"start":{"line":210,"column":0},"end":{"line":210,"column":52}},"210":{"start":{"line":211,"column":0},"end":{"line":211,"column":65}},"211":{"start":{"line":212,"column":0},"end":{"line":212,"column":8}},"212":{"start":{"line":213,"column":0},"end":{"line":213,"column":5}},"213":{"start":{"line":214,"column":0},"end":{"line":214,"column":3}},"216":{"start":{"line":217,"column":0},"end":{"line":217,"column":27}},"218":{"start":{"line":219,"column":0},"end":{"line":219,"column":9}},"219":{"start":{"line":220,"column":0},"end":{"line":220,"column":28}},"220":{"start":{"line":221,"column":0},"end":{"line":221,"column":22}},"221":{"start":{"line":222,"column":0},"end":{"line":222,"column":7}},"222":{"start":{"line":223,"column":0},"end":{"line":223,"column":21}},"223":{"start":{"line":224,"column":0},"end":{"line":224,"column":19}},"224":{"start":{"line":225,"column":0},"end":{"line":225,"column":47}},"225":{"start":{"line":226,"column":0},"end":{"line":226,"column":65}},"226":{"start":{"line":227,"column":0},"end":{"line":227,"column":8}},"227":{"start":{"line":228,"column":0},"end":{"line":228,"column":5}},"228":{"start":{"line":229,"column":0},"end":{"line":229,"column":3}},"231":{"start":{"line":232,"column":0},"end":{"line":232,"column":98}},"232":{"start":{"line":233,"column":0},"end":{"line":233,"column":9}},"233":{"start":{"line":234,"column":0},"end":{"line":234,"column":54}},"234":{"start":{"line":235,"column":0},"end":{"line":235,"column":57}},"237":{"start":{"line":238,"column":0},"end":{"line":238,"column":30}},"238":{"start":{"line":239,"column":0},"end":{"line":239,"column":67}},"239":{"start":{"line":240,"column":0},"end":{"line":240,"column":29}},"240":{"start":{"line":241,"column":0},"end":{"line":241,"column":51}},"241":{"start":{"line":242,"column":0},"end":{"line":242,"column":11}},"242":{"start":{"line":243,"column":0},"end":{"line":243,"column":9}},"243":{"start":{"line":244,"column":0},"end":{"line":244,"column":7}},"244":{"start":{"line":245,"column":0},"end":{"line":245,"column":21}},"245":{"start":{"line":246,"column":0},"end":{"line":246,"column":19}},"246":{"start":{"line":247,"column":0},"end":{"line":247,"column":56}},"247":{"start":{"line":248,"column":0},"end":{"line":248,"column":65}},"248":{"start":{"line":249,"column":0},"end":{"line":249,"column":8}},"251":{"start":{"line":252,"column":0},"end":{"line":252,"column":25}},"252":{"start":{"line":253,"column":0},"end":{"line":253,"column":34}},"253":{"start":{"line":254,"column":0},"end":{"line":254,"column":45}},"254":{"start":{"line":255,"column":0},"end":{"line":255,"column":24}},"255":{"start":{"line":256,"column":0},"end":{"line":256,"column":25}},"256":{"start":{"line":257,"column":0},"end":{"line":257,"column":10}},"257":{"start":{"line":258,"column":0},"end":{"line":258,"column":8}},"258":{"start":{"line":259,"column":0},"end":{"line":259,"column":5}},"259":{"start":{"line":260,"column":0},"end":{"line":260,"column":3}},"264":{"start":{"line":265,"column":0},"end":{"line":265,"column":26}},"265":{"start":{"line":266,"column":0},"end":{"line":266,"column":9}},"267":{"start":{"line":268,"column":0},"end":{"line":268,"column":54}},"270":{"start":{"line":271,"column":0},"end":{"line":271,"column":56}},"271":{"start":{"line":272,"column":0},"end":{"line":272,"column":45}},"272":{"start":{"line":273,"column":0},"end":{"line":273,"column":42}},"275":{"start":{"line":276,"column":0},"end":{"line":276,"column":50}},"276":{"start":{"line":277,"column":0},"end":{"line":277,"column":32}},"278":{"start":{"line":279,"column":0},"end":{"line":279,"column":52}},"279":{"start":{"line":280,"column":0},"end":{"line":280,"column":27}},"280":{"start":{"line":281,"column":0},"end":{"line":281,"column":138}},"281":{"start":{"line":282,"column":0},"end":{"line":282,"column":35}},"282":{"start":{"line":283,"column":0},"end":{"line":283,"column":35}},"285":{"start":{"line":286,"column":0},"end":{"line":286,"column":53}},"286":{"start":{"line":287,"column":0},"end":{"line":287,"column":48}},"288":{"start":{"line":289,"column":0},"end":{"line":289,"column":57}},"289":{"start":{"line":290,"column":0},"end":{"line":290,"column":45}},"290":{"start":{"line":291,"column":0},"end":{"line":291,"column":42}},"292":{"start":{"line":293,"column":0},"end":{"line":293,"column":56}},"293":{"start":{"line":294,"column":0},"end":{"line":294,"column":47}},"295":{"start":{"line":296,"column":0},"end":{"line":296,"column":28}},"296":{"start":{"line":297,"column":0},"end":{"line":297,"column":47}},"297":{"start":{"line":298,"column":0},"end":{"line":298,"column":51}},"298":{"start":{"line":299,"column":0},"end":{"line":299,"column":57}},"299":{"start":{"line":300,"column":0},"end":{"line":300,"column":70}},"300":{"start":{"line":301,"column":0},"end":{"line":301,"column":57}},"301":{"start":{"line":302,"column":0},"end":{"line":302,"column":44}},"302":{"start":{"line":303,"column":0},"end":{"line":303,"column":51}},"303":{"start":{"line":304,"column":0},"end":{"line":304,"column":51}},"304":{"start":{"line":305,"column":0},"end":{"line":305,"column":8}},"306":{"start":{"line":307,"column":0},"end":{"line":307,"column":38}},"307":{"start":{"line":308,"column":0},"end":{"line":308,"column":48}},"308":{"start":{"line":309,"column":0},"end":{"line":309,"column":30}},"309":{"start":{"line":310,"column":0},"end":{"line":310,"column":37}},"310":{"start":{"line":311,"column":0},"end":{"line":311,"column":9}},"312":{"start":{"line":313,"column":0},"end":{"line":313,"column":41}},"313":{"start":{"line":314,"column":0},"end":{"line":314,"column":38}},"316":{"start":{"line":317,"column":0},"end":{"line":317,"column":56}},"317":{"start":{"line":318,"column":0},"end":{"line":318,"column":45}},"319":{"start":{"line":320,"column":0},"end":{"line":320,"column":53}},"320":{"start":{"line":321,"column":0},"end":{"line":321,"column":49}},"321":{"start":{"line":322,"column":0},"end":{"line":322,"column":41}},"323":{"start":{"line":324,"column":0},"end":{"line":324,"column":58}},"324":{"start":{"line":325,"column":0},"end":{"line":325,"column":35}},"325":{"start":{"line":326,"column":0},"end":{"line":326,"column":100}},"326":{"start":{"line":327,"column":0},"end":{"line":327,"column":47}},"328":{"start":{"line":329,"column":0},"end":{"line":329,"column":11}},"330":{"start":{"line":331,"column":0},"end":{"line":331,"column":62}},"331":{"start":{"line":332,"column":0},"end":{"line":332,"column":49}},"332":{"start":{"line":333,"column":0},"end":{"line":333,"column":43}},"335":{"start":{"line":336,"column":0},"end":{"line":336,"column":54}},"336":{"start":{"line":337,"column":0},"end":{"line":337,"column":65}},"337":{"start":{"line":338,"column":0},"end":{"line":338,"column":10}},"338":{"start":{"line":339,"column":0},"end":{"line":339,"column":56}},"340":{"start":{"line":341,"column":0},"end":{"line":341,"column":41}},"341":{"start":{"line":342,"column":0},"end":{"line":342,"column":30}},"342":{"start":{"line":343,"column":0},"end":{"line":343,"column":21}},"343":{"start":{"line":344,"column":0},"end":{"line":344,"column":46}},"344":{"start":{"line":345,"column":0},"end":{"line":345,"column":88}},"345":{"start":{"line":346,"column":0},"end":{"line":346,"column":10}},"348":{"start":{"line":349,"column":0},"end":{"line":349,"column":64}},"349":{"start":{"line":350,"column":0},"end":{"line":350,"column":66}},"350":{"start":{"line":351,"column":0},"end":{"line":351,"column":50}},"351":{"start":{"line":352,"column":0},"end":{"line":352,"column":52}},"352":{"start":{"line":353,"column":0},"end":{"line":353,"column":45}},"353":{"start":{"line":354,"column":0},"end":{"line":354,"column":45}},"354":{"start":{"line":355,"column":0},"end":{"line":355,"column":50}},"356":{"start":{"line":357,"column":0},"end":{"line":357,"column":48}},"357":{"start":{"line":358,"column":0},"end":{"line":358,"column":7}},"359":{"start":{"line":360,"column":0},"end":{"line":360,"column":41}},"362":{"start":{"line":363,"column":0},"end":{"line":363,"column":57}},"363":{"start":{"line":364,"column":0},"end":{"line":364,"column":54}},"365":{"start":{"line":366,"column":0},"end":{"line":366,"column":61}},"366":{"start":{"line":367,"column":0},"end":{"line":367,"column":57}},"367":{"start":{"line":368,"column":0},"end":{"line":368,"column":50}},"369":{"start":{"line":370,"column":0},"end":{"line":370,"column":60}},"371":{"start":{"line":372,"column":0},"end":{"line":372,"column":31}},"372":{"start":{"line":373,"column":0},"end":{"line":373,"column":54}},"373":{"start":{"line":374,"column":0},"end":{"line":374,"column":48}},"374":{"start":{"line":375,"column":0},"end":{"line":375,"column":53}},"375":{"start":{"line":376,"column":0},"end":{"line":376,"column":49}},"376":{"start":{"line":377,"column":0},"end":{"line":377,"column":50}},"377":{"start":{"line":378,"column":0},"end":{"line":378,"column":44}},"378":{"start":{"line":379,"column":0},"end":{"line":379,"column":48}},"379":{"start":{"line":380,"column":0},"end":{"line":380,"column":8}},"381":{"start":{"line":382,"column":0},"end":{"line":382,"column":41}},"382":{"start":{"line":383,"column":0},"end":{"line":383,"column":48}},"383":{"start":{"line":384,"column":0},"end":{"line":384,"column":28}},"384":{"start":{"line":385,"column":0},"end":{"line":385,"column":41}},"385":{"start":{"line":386,"column":0},"end":{"line":386,"column":9}},"387":{"start":{"line":388,"column":0},"end":{"line":388,"column":49}},"388":{"start":{"line":389,"column":0},"end":{"line":389,"column":42}},"391":{"start":{"line":392,"column":0},"end":{"line":392,"column":54}},"392":{"start":{"line":393,"column":0},"end":{"line":393,"column":34}},"394":{"start":{"line":395,"column":0},"end":{"line":395,"column":53}},"395":{"start":{"line":396,"column":0},"end":{"line":396,"column":86}},"396":{"start":{"line":397,"column":0},"end":{"line":397,"column":37}},"398":{"start":{"line":399,"column":0},"end":{"line":399,"column":36}},"401":{"start":{"line":402,"column":0},"end":{"line":402,"column":41}},"402":{"start":{"line":403,"column":0},"end":{"line":403,"column":23}},"405":{"start":{"line":406,"column":0},"end":{"line":406,"column":50}},"406":{"start":{"line":407,"column":0},"end":{"line":407,"column":63}},"407":{"start":{"line":408,"column":0},"end":{"line":408,"column":9}},"410":{"start":{"line":411,"column":0},"end":{"line":411,"column":42}},"411":{"start":{"line":412,"column":0},"end":{"line":412,"column":7}},"412":{"start":{"line":413,"column":0},"end":{"line":413,"column":27}},"413":{"start":{"line":414,"column":0},"end":{"line":414,"column":19}},"414":{"start":{"line":415,"column":0},"end":{"line":415,"column":35}},"415":{"start":{"line":416,"column":0},"end":{"line":416,"column":83}},"416":{"start":{"line":417,"column":0},"end":{"line":417,"column":8}},"419":{"start":{"line":420,"column":0},"end":{"line":420,"column":25}},"420":{"start":{"line":421,"column":0},"end":{"line":421,"column":34}},"421":{"start":{"line":422,"column":0},"end":{"line":422,"column":89}},"422":{"start":{"line":423,"column":0},"end":{"line":423,"column":24}},"423":{"start":{"line":424,"column":0},"end":{"line":424,"column":25}},"424":{"start":{"line":425,"column":0},"end":{"line":425,"column":10}},"425":{"start":{"line":426,"column":0},"end":{"line":426,"column":8}},"428":{"start":{"line":429,"column":0},"end":{"line":429,"column":28}},"429":{"start":{"line":430,"column":0},"end":{"line":430,"column":55}},"430":{"start":{"line":431,"column":0},"end":{"line":431,"column":30}},"445":{"start":{"line":446,"column":0},"end":{"line":446,"column":98}},"451":{"start":{"line":452,"column":0},"end":{"line":452,"column":55}},"452":{"start":{"line":453,"column":0},"end":{"line":453,"column":69}},"453":{"start":{"line":454,"column":0},"end":{"line":454,"column":9}},"455":{"start":{"line":456,"column":0},"end":{"line":456,"column":46}},"456":{"start":{"line":457,"column":0},"end":{"line":457,"column":7}},"457":{"start":{"line":458,"column":0},"end":{"line":458,"column":5}},"458":{"start":{"line":459,"column":0},"end":{"line":459,"column":3}},"459":{"start":{"line":460,"column":0},"end":{"line":460,"column":1}},"462":{"start":{"line":463,"column":0},"end":{"line":463,"column":5}},"464":{"start":{"line":465,"column":0},"end":{"line":465,"column":40}},"465":{"start":{"line":466,"column":0},"end":{"line":466,"column":50}},"466":{"start":{"line":467,"column":0},"end":{"line":467,"column":3}},"467":{"start":{"line":468,"column":0},"end":{"line":468,"column":17}},"468":{"start":{"line":469,"column":0},"end":{"line":469,"column":15}},"469":{"start":{"line":470,"column":0},"end":{"line":470,"column":50}},"470":{"start":{"line":471,"column":0},"end":{"line":471,"column":61}},"471":{"start":{"line":472,"column":0},"end":{"line":472,"column":4}},"474":{"start":{"line":475,"column":0},"end":{"line":475,"column":40}},"475":{"start":{"line":476,"column":0},"end":{"line":476,"column":83}},"476":{"start":{"line":477,"column":0},"end":{"line":477,"column":3}},"477":{"start":{"line":478,"column":0},"end":{"line":478,"column":1}},"485":{"start":{"line":486,"column":0},"end":{"line":486,"column":86}},"486":{"start":{"line":487,"column":0},"end":{"line":487,"column":59}},"487":{"start":{"line":488,"column":0},"end":{"line":488,"column":21}},"488":{"start":{"line":489,"column":0},"end":{"line":489,"column":71}},"489":{"start":{"line":490,"column":0},"end":{"line":490,"column":57}},"490":{"start":{"line":491,"column":0},"end":{"line":491,"column":16}},"491":{"start":{"line":492,"column":0},"end":{"line":492,"column":3}},"494":{"start":{"line":495,"column":0},"end":{"line":495,"column":63}},"495":{"start":{"line":496,"column":0},"end":{"line":496,"column":14}},"496":{"start":{"line":497,"column":0},"end":{"line":497,"column":37}},"497":{"start":{"line":498,"column":0},"end":{"line":498,"column":3}},"500":{"start":{"line":501,"column":0},"end":{"line":501,"column":31}},"501":{"start":{"line":502,"column":0},"end":{"line":502,"column":13}},"502":{"start":{"line":503,"column":0},"end":{"line":503,"column":1}}},"s":{"1":1,"2":1,"3":1,"8":1,"9":0,"10":0,"13":0,"14":0,"15":0,"17":0,"18":0,"20":0,"22":0,"25":0,"28":0,"29":0,"146":0,"147":0,"148":0,"149":0,"150":0,"151":0,"154":0,"155":0,"156":0,"157":0,"158":0,"159":0,"160":0,"161":0,"162":0,"165":0,"166":0,"168":0,"169":0,"170":0,"171":0,"172":0,"173":0,"174":0,"175":0,"176":0,"179":0,"180":0,"181":0,"182":0,"183":0,"184":0,"185":0,"188":0,"189":0,"190":0,"191":0,"192":0,"193":0,"194":0,"197":0,"199":0,"200":0,"201":0,"202":0,"203":0,"204":0,"205":0,"206":0,"207":0,"208":0,"209":0,"210":0,"211":0,"212":0,"213":0,"216":0,"218":0,"219":0,"220":0,"221":0,"222":0,"223":0,"224":0,"225":0,"226":0,"227":0,"228":0,"231":0,"232":0,"233":0,"234":0,"237":0,"238":0,"239":0,"240":0,"241":0,"242":0,"243":0,"244":0,"245":0,"246":0,"247":0,"248":0,"251":0,"252":0,"253":0,"254":0,"255":0,"256":0,"257":0,"258":0,"259":0,"264":0,"265":0,"267":0,"270":0,"271":0,"272":0,"275":0,"276":0,"278":0,"279":0,"280":0,"281":0,"282":0,"285":0,"286":0,"288":0,"289":0,"290":0,"292":0,"293":0,"295":0,"296":0,"297":0,"298":0,"299":0,"300":0,"301":0,"302":0,"303":0,"304":0,"306":0,"307":0,"308":0,"309":0,"310":0,"312":0,"313":0,"316":0,"317":0,"319":0,"320":0,"321":0,"323":0,"324":0,"325":0,"326":0,"328":0,"330":0,"331":0,"332":0,"335":0,"336":0,"337":0,"338":0,"340":0,"341":0,"342":0,"343":0,"344":0,"345":0,"348":0,"349":0,"350":0,"351":0,"352":0,"353":0,"354":0,"356":0,"357":0,"359":0,"362":0,"363":0,"365":0,"366":0,"367":0,"369":0,"371":0,"372":0,"373":0,"374":0,"375":0,"376":0,"377":0,"378":0,"379":0,"381":0,"382":0,"383":0,"384":0,"385":0,"387":0,"388":0,"391":0,"392":0,"394":0,"395":0,"396":0,"398":0,"401":0,"402":0,"405":0,"406":0,"407":0,"410":0,"411":0,"412":0,"413":0,"414":0,"415":0,"416":0,"419":0,"420":0,"421":0,"422":0,"423":0,"424":0,"425":0,"428":0,"429":0,"430":0,"445":0,"451":0,"452":0,"453":0,"455":0,"456":0,"457":0,"458":0,"459":0,"462":1,"464":1,"465":0,"466":0,"467":0,"468":0,"469":0,"470":0,"471":0,"474":0,"475":0,"476":0,"477":0,"485":1,"486":3,"487":3,"488":1,"489":1,"490":1,"491":1,"494":2,"495":3,"496":1,"497":1,"500":2,"501":2,"502":2},"branchMap":{"0":{"type":"branch","line":465,"loc":{"start":{"line":465,"column":39},"end":{"line":467,"column":3}},"locations":[{"start":{"line":465,"column":39},"end":{"line":467,"column":3}}]},"1":{"type":"branch","line":468,"loc":{"start":{"line":468,"column":0},"end":{"line":478,"column":1}},"locations":[{"start":{"line":468,"column":0},"end":{"line":478,"column":1}}]},"2":{"type":"branch","line":486,"loc":{"start":{"line":486,"column":7},"end":{"line":503,"column":1}},"locations":[{"start":{"line":486,"column":7},"end":{"line":503,"column":1}}]},"3":{"type":"branch","line":488,"loc":{"start":{"line":488,"column":20},"end":{"line":492,"column":3}},"locations":[{"start":{"line":488,"column":20},"end":{"line":492,"column":3}}]},"4":{"type":"branch","line":492,"loc":{"start":{"line":492,"column":2},"end":{"line":496,"column":13}},"locations":[{"start":{"line":492,"column":2},"end":{"line":496,"column":13}}]},"5":{"type":"branch","line":496,"loc":{"start":{"line":496,"column":13},"end":{"line":498,"column":3}},"locations":[{"start":{"line":496,"column":13},"end":{"line":498,"column":3}}]},"6":{"type":"branch","line":498,"loc":{"start":{"line":498,"column":2},"end":{"line":503,"column":1}},"locations":[{"start":{"line":498,"column":2},"end":{"line":503,"column":1}}]}},"b":{"0":[0],"1":[0],"2":[3],"3":[1],"4":[2],"5":[1],"6":[2]},"fnMap":{"0":{"name":"<instance_members_initializer>","decl":{"start":{"line":9,"column":44},"end":{"line":460,"column":1}},"loc":{"start":{"line":9,"column":44},"end":{"line":460,"column":1}},"line":9},"1":{"name":"createApp","decl":{"start":{"line":486,"column":7},"end":{"line":503,"column":1}},"loc":{"start":{"line":486,"column":7},"end":{"line":503,"column":1}},"line":486}},"f":{"0":0,"1":3}}
,"/workspaces/apps/src/components/Counter.ts": {"path":"/workspaces/apps/src/components/Counter.ts","all":false,"statementMap":{"0":{"start":{"line":1,"column":0},"end":{"line":1,"column":42}},"8":{"start":{"line":9,"column":0},"end":{"line":9,"column":49}},"9":{"start":{"line":10,"column":0},"end":{"line":10,"column":30}},"10":{"start":{"line":11,"column":0},"end":{"line":11,"column":50}},"13":{"start":{"line":14,"column":0},"end":{"line":14,"column":45}},"14":{"start":{"line":15,"column":0},"end":{"line":15,"column":30}},"15":{"start":{"line":16,"column":0},"end":{"line":16,"column":3}},"17":{"start":{"line":18,"column":0},"end":{"line":18,"column":17}},"18":{"start":{"line":19,"column":0},"end":{"line":19,"column":12}},"20":{"start":{"line":21,"column":0},"end":{"line":21,"column":9}},"22":{"start":{"line":23,"column":0},"end":{"line":23,"column":57}},"25":{"start":{"line":26,"column":0},"end":{"line":26,"column":52}},"26":{"start":{"line":27,"column":0},"end":{"line":27,"column":27}},"65":{"start":{"line":66,"column":0},"end":{"line":66,"column":53}},"66":{"start":{"line":67,"column":0},"end":{"line":67,"column":34}},"67":{"start":{"line":68,"column":0},"end":{"line":68,"column":78}},"70":{"start":{"line":71,"column":0},"end":{"line":71,"column":32}},"71":{"start":{"line":72,"column":0},"end":{"line":72,"column":38}},"74":{"start":{"line":75,"column":0},"end":{"line":75,"column":50}},"75":{"start":{"line":76,"column":0},"end":{"line":76,"column":34}},"76":{"start":{"line":77,"column":0},"end":{"line":77,"column":21}},"77":{"start":{"line":78,"column":0},"end":{"line":78,"column":19}},"78":{"start":{"line":79,"column":0},"end":{"line":79,"column":47}},"79":{"start":{"line":80,"column":0},"end":{"line":80,"column":65}},"80":{"start":{"line":81,"column":0},"end":{"line":81,"column":8}},"83":{"start":{"line":84,"column":0},"end":{"line":84,"column":25}},"84":{"start":{"line":85,"column":0},"end":{"line":85,"column":34}},"85":{"start":{"line":86,"column":0},"end":{"line":86,"column":77}},"86":{"start":{"line":87,"column":0},"end":{"line":87,"column":24}},"87":{"start":{"line":88,"column":0},"end":{"line":88,"column":25}},"88":{"start":{"line":89,"column":0},"end":{"line":89,"column":10}},"89":{"start":{"line":90,"column":0},"end":{"line":90,"column":8}},"90":{"start":{"line":91,"column":0},"end":{"line":91,"column":5}},"91":{"start":{"line":92,"column":0},"end":{"line":92,"column":3}},"94":{"start":{"line":95,"column":0},"end":{"line":95,"column":36}},"95":{"start":{"line":96,"column":0},"end":{"line":96,"column":21}},"96":{"start":{"line":97,"column":0},"end":{"line":97,"column":3}},"99":{"start":{"line":100,"column":0},"end":{"line":100,"column":29}},"100":{"start":{"line":101,"column":0},"end":{"line":101,"column":9}},"102":{"start":{"line":103,"column":0},"end":{"line":103,"column":27}},"103":{"start":{"line":104,"column":0},"end":{"line":104,"column":21}},"104":{"start":{"line":105,"column":0},"end":{"line":105,"column":19}},"105":{"start":{"line":106,"column":0},"end":{"line":106,"column":53}},"106":{"start":{"line":107,"column":0},"end":{"line":107,"column":65}},"107":{"start":{"line":108,"column":0},"end":{"line":108,"column":8}},"110":{"start":{"line":111,"column":0},"end":{"line":111,"column":25}},"111":{"start":{"line":112,"column":0},"end":{"line":112,"column":34}},"112":{"start":{"line":113,"column":0},"end":{"line":113,"column":77}},"113":{"start":{"line":114,"column":0},"end":{"line":114,"column":24}},"114":{"start":{"line":115,"column":0},"end":{"line":115,"column":25}},"115":{"start":{"line":116,"column":0},"end":{"line":116,"column":10}},"116":{"start":{"line":117,"column":0},"end":{"line":117,"column":8}},"119":{"start":{"line":120,"column":0},"end":{"line":120,"column":28}},"120":{"start":{"line":121,"column":0},"end":{"line":121,"column":55}},"121":{"start":{"line":122,"column":0},"end":{"line":122,"column":55}},"122":{"start":{"line":123,"column":0},"end":{"line":123,"column":37}},"123":{"start":{"line":124,"column":0},"end":{"line":124,"column":46}},"124":{"start":{"line":125,"column":0},"end":{"line":125,"column":7}},"125":{"start":{"line":126,"column":0},"end":{"line":126,"column":5}},"126":{"start":{"line":127,"column":0},"end":{"line":127,"column":3}},"129":{"start":{"line":130,"column":0},"end":{"line":130,"column":32}},"131":{"start":{"line":132,"column":0},"end":{"line":132,"column":22}},"132":{"start":{"line":133,"column":0},"end":{"line":133,"column":70}},"133":{"start":{"line":134,"column":0},"end":{"line":134,"column":5}},"134":{"start":{"line":135,"column":0},"end":{"line":135,"column":3}},"137":{"start":{"line":138,"column":0},"end":{"line":138,"column":27}},"139":{"start":{"line":140,"column":0},"end":{"line":140,"column":25}},"140":{"start":{"line":141,"column":0},"end":{"line":141,"column":3}},"143":{"start":{"line":144,"column":0},"end":{"line":144,"column":98}},"144":{"start":{"line":145,"column":0},"end":{"line":145,"column":9}},"145":{"start":{"line":146,"column":0},"end":{"line":146,"column":75}},"146":{"start":{"line":147,"column":0},"end":{"line":147,"column":51}},"147":{"start":{"line":148,"column":0},"end":{"line":148,"column":29}},"148":{"start":{"line":149,"column":0},"end":{"line":149,"column":61}},"149":{"start":{"line":150,"column":0},"end":{"line":150,"column":29}},"150":{"start":{"line":151,"column":0},"end":{"line":151,"column":7}},"151":{"start":{"line":152,"column":0},"end":{"line":152,"column":21}},"152":{"start":{"line":153,"column":0},"end":{"line":153,"column":19}},"153":{"start":{"line":154,"column":0},"end":{"line":154,"column":60}},"154":{"start":{"line":155,"column":0},"end":{"line":155,"column":65}},"155":{"start":{"line":156,"column":0},"end":{"line":156,"column":8}},"158":{"start":{"line":159,"column":0},"end":{"line":159,"column":25}},"159":{"start":{"line":160,"column":0},"end":{"line":160,"column":34}},"160":{"start":{"line":161,"column":0},"end":{"line":161,"column":45}},"161":{"start":{"line":162,"column":0},"end":{"line":162,"column":24}},"162":{"start":{"line":163,"column":0},"end":{"line":163,"column":25}},"163":{"start":{"line":164,"column":0},"end":{"line":164,"column":10}},"164":{"start":{"line":165,"column":0},"end":{"line":165,"column":8}},"165":{"start":{"line":166,"column":0},"end":{"line":166,"column":5}},"166":{"start":{"line":167,"column":0},"end":{"line":167,"column":3}},"169":{"start":{"line":170,"column":0},"end":{"line":170,"column":37}},"170":{"start":{"line":171,"column":0},"end":{"line":171,"column":49}},"171":{"start":{"line":172,"column":0},"end":{"line":172,"column":51}},"172":{"start":{"line":173,"column":0},"end":{"line":173,"column":3}},"177":{"start":{"line":178,"column":0},"end":{"line":178,"column":21}},"178":{"start":{"line":179,"column":0},"end":{"line":179,"column":9}},"179":{"start":{"line":180,"column":0},"end":{"line":180,"column":40}},"180":{"start":{"line":181,"column":0},"end":{"line":181,"column":30}},"183":{"start":{"line":184,"column":0},"end":{"line":184,"column":51}},"186":{"start":{"line":187,"column":0},"end":{"line":187,"column":27}},"189":{"start":{"line":190,"column":0},"end":{"line":190,"column":25}},"190":{"start":{"line":191,"column":0},"end":{"line":191,"column":44}},"191":{"start":{"line":192,"column":0},"end":{"line":192,"column":42}},"192":{"start":{"line":193,"column":0},"end":{"line":193,"column":24}},"193":{"start":{"line":194,"column":0},"end":{"line":194,"column":25}},"194":{"start":{"line":195,"column":0},"end":{"line":195,"column":10}},"195":{"start":{"line":196,"column":0},"end":{"line":196,"column":8}},"196":{"start":{"line":197,"column":0},"end":{"line":197,"column":21}},"197":{"start":{"line":198,"column":0},"end":{"line":198,"column":19}},"198":{"start":{"line":199,"column":0},"end":{"line":199,"column":38}},"199":{"start":{"line":200,"column":0},"end":{"line":200,"column":65}},"200":{"start":{"line":201,"column":0},"end":{"line":201,"column":8}},"203":{"start":{"line":204,"column":0},"end":{"line":204,"column":25}},"204":{"start":{"line":205,"column":0},"end":{"line":205,"column":34}},"205":{"start":{"line":206,"column":0},"end":{"line":206,"column":67}},"206":{"start":{"line":207,"column":0},"end":{"line":207,"column":24}},"207":{"start":{"line":208,"column":0},"end":{"line":208,"column":25}},"208":{"start":{"line":209,"column":0},"end":{"line":209,"column":10}},"209":{"start":{"line":210,"column":0},"end":{"line":210,"column":8}},"210":{"start":{"line":211,"column":0},"end":{"line":211,"column":5}},"211":{"start":{"line":212,"column":0},"end":{"line":212,"column":3}},"216":{"start":{"line":217,"column":0},"end":{"line":217,"column":33}},"217":{"start":{"line":218,"column":0},"end":{"line":218,"column":9}},"218":{"start":{"line":219,"column":0},"end":{"line":219,"column":58}},"221":{"start":{"line":222,"column":0},"end":{"line":222,"column":25}},"222":{"start":{"line":223,"column":0},"end":{"line":223,"column":70}},"223":{"start":{"line":224,"column":0},"end":{"line":224,"column":15}},"224":{"start":{"line":225,"column":0},"end":{"line":225,"column":7}},"226":{"start":{"line":227,"column":0},"end":{"line":227,"column":60}},"227":{"start":{"line":228,"column":0},"end":{"line":228,"column":21}},"228":{"start":{"line":229,"column":0},"end":{"line":229,"column":19}},"229":{"start":{"line":230,"column":0},"end":{"line":230,"column":42}},"230":{"start":{"line":231,"column":0},"end":{"line":231,"column":65}},"231":{"start":{"line":232,"column":0},"end":{"line":232,"column":8}},"234":{"start":{"line":235,"column":0},"end":{"line":235,"column":25}},"235":{"start":{"line":236,"column":0},"end":{"line":236,"column":34}},"236":{"start":{"line":237,"column":0},"end":{"line":237,"column":71}},"237":{"start":{"line":238,"column":0},"end":{"line":238,"column":24}},"238":{"start":{"line":239,"column":0},"end":{"line":239,"column":25}},"239":{"start":{"line":240,"column":0},"end":{"line":240,"column":10}},"240":{"start":{"line":241,"column":0},"end":{"line":241,"column":8}},"241":{"start":{"line":242,"column":0},"end":{"line":242,"column":5}},"242":{"start":{"line":243,"column":0},"end":{"line":243,"column":3}},"248":{"start":{"line":249,"column":0},"end":{"line":249,"column":22}},"249":{"start":{"line":250,"column":0},"end":{"line":250,"column":24}},"250":{"start":{"line":251,"column":0},"end":{"line":251,"column":3}},"251":{"start":{"line":252,"column":0},"end":{"line":252,"column":1}},"254":{"start":{"line":255,"column":0},"end":{"line":255,"column":5}},"256":{"start":{"line":257,"column":0},"end":{"line":257,"column":43}},"257":{"start":{"line":258,"column":0},"end":{"line":258,"column":57}},"258":{"start":{"line":259,"column":0},"end":{"line":259,"column":3}},"259":{"start":{"line":260,"column":0},"end":{"line":260,"column":17}},"260":{"start":{"line":261,"column":0},"end":{"line":261,"column":15}},"261":{"start":{"line":262,"column":0},"end":{"line":262,"column":53}},"262":{"start":{"line":263,"column":0},"end":{"line":263,"column":61}},"263":{"start":{"line":264,"column":0},"end":{"line":264,"column":4}},"266":{"start":{"line":267,"column":0},"end":{"line":267,"column":40}},"267":{"start":{"line":268,"column":0},"end":{"line":268,"column":86}},"268":{"start":{"line":269,"column":0},"end":{"line":269,"column":3}},"269":{"start":{"line":270,"column":0},"end":{"line":270,"column":1}},"278":{"start":{"line":279,"column":0},"end":{"line":279,"column":30}},"279":{"start":{"line":280,"column":0},"end":{"line":280,"column":25}},"280":{"start":{"line":281,"column":0},"end":{"line":281,"column":27}},"281":{"start":{"line":282,"column":0},"end":{"line":282,"column":40}},"282":{"start":{"line":283,"column":0},"end":{"line":283,"column":19}},"283":{"start":{"line":284,"column":0},"end":{"line":284,"column":56}},"284":{"start":{"line":285,"column":0},"end":{"line":285,"column":16}},"285":{"start":{"line":286,"column":0},"end":{"line":286,"column":75}},"286":{"start":{"line":287,"column":0},"end":{"line":287,"column":61}},"287":{"start":{"line":288,"column":0},"end":{"line":288,"column":16}},"288":{"start":{"line":289,"column":0},"end":{"line":289,"column":3}},"290":{"start":{"line":291,"column":0},"end":{"line":291,"column":74}},"291":{"start":{"line":292,"column":0},"end":{"line":292,"column":54}},"292":{"start":{"line":293,"column":0},"end":{"line":293,"column":39}},"294":{"start":{"line":295,"column":0},"end":{"line":295,"column":30}},"295":{"start":{"line":296,"column":0},"end":{"line":296,"column":17}},"296":{"start":{"line":297,"column":0},"end":{"line":297,"column":1}}},"s":{"0":1,"8":1,"9":0,"10":0,"13":0,"14":0,"15":0,"17":0,"18":0,"20":0,"22":0,"25":0,"26":0,"65":0,"66":0,"67":0,"70":0,"71":0,"74":0,"75":0,"76":0,"77":0,"78":0,"79":0,"80":0,"83":0,"84":0,"85":0,"86":0,"87":0,"88":0,"89":0,"90":0,"91":0,"94":0,"95":0,"96":0,"99":0,"100":0,"102":0,"103":0,"104":0,"105":0,"106":0,"107":0,"110":0,"111":0,"112":0,"113":0,"114":0,"115":0,"116":0,"119":0,"120":0,"121":0,"122":0,"123":0,"124":0,"125":0,"126":0,"129":0,"131":0,"132":0,"133":0,"134":0,"137":0,"139":0,"140":0,"143":0,"144":0,"145":0,"146":0,"147":0,"148":0,"149":0,"150":0,"151":0,"152":0,"153":0,"154":0,"155":0,"158":0,"159":0,"160":0,"161":0,"162":0,"163":0,"164":0,"165":0,"166":0,"169":0,"170":0,"171":0,"172":0,"177":0,"178":0,"179":0,"180":0,"183":0,"186":0,"189":0,"190":0,"191":0,"192":0,"193":0,"194":0,"195":0,"196":0,"197":0,"198":0,"199":0,"200":0,"203":0,"204":0,"205":0,"206":0,"207":0,"208":0,"209":0,"210":0,"211":0,"216":0,"217":0,"218":0,"221":0,"222":0,"223":0,"224":0,"226":0,"227":0,"228":0,"229":0,"230":0,"231":0,"234":0,"235":0,"236":0,"237":0,"238":0,"239":0,"240":0,"241":0,"242":0,"248":0,"249":0,"250":0,"251":0,"254":1,"256":1,"257":0,"258":0,"259":0,"260":0,"261":0,"262":0,"263":0,"266":0,"267":0,"268":0,"269":0,"278":1,"279":4,"280":4,"281":4,"282":4,"283":4,"284":4,"285":1,"286":1,"287":1,"288":1,"290":3,"291":3,"292":3,"294":3,"295":3,"296":3},"branchMap":{"0":{"type":"branch","line":257,"loc":{"start":{"line":257,"column":42},"end":{"line":259,"column":3}},"locations":[{"start":{"line":257,"column":42},"end":{"line":259,"column":3}}]},"1":{"type":"branch","line":260,"loc":{"start":{"line":260,"column":0},"end":{"line":270,"column":1}},"locations":[{"start":{"line":260,"column":0},"end":{"line":270,"column":1}}]},"2":{"type":"branch","line":9,"loc":{"start":{"line":9,"column":48},"end":{"line":252,"column":1}},"locations":[{"start":{"line":9,"column":48},"end":{"line":252,"column":1}}]},"3":{"type":"branch","line":279,"loc":{"start":{"line":279,"column":7},"end":{"line":297,"column":1}},"locations":[{"start":{"line":279,"column":7},"end":{"line":297,"column":1}}]},"4":{"type":"branch","line":285,"loc":{"start":{"line":285,"column":15},"end":{"line":289,"column":3}},"locations":[{"start":{"line":285,"column":15},"end":{"line":289,"column":3}}]},"5":{"type":"branch","line":289,"loc":{"start":{"line":289,"column":2},"end":{"line":297,"column":1}},"locations":[{"start":{"line":289,"column":2},"end":{"line":297,"column":1}}]}},"b":{"0":[0],"1":[0],"2":[0],"3":[4],"4":[1],"5":[3]},"fnMap":{"0":{"name":"<instance_members_initializer>","decl":{"start":{"line":9,"column":48},"end":{"line":252,"column":1}},"loc":{"start":{"line":9,"column":48},"end":{"line":252,"column":1}},"line":9},"1":{"name":"createCounter","decl":{"start":{"line":279,"column":7},"end":{"line":297,"column":1}},"loc":{"start":{"line":279,"column":7},"end":{"line":297,"column":1}},"line":279}},"f":{"0":0,"1":4}}
,"/workspaces/apps/src/services/pwa.ts": {"path":"/workspaces/apps/src/services/pwa.ts","all":false,"statementMap":{"0":{"start":{"line":1,"column":0},"end":{"line":1,"column":41}},"1":{"start":{"line":2,"column":0},"end":{"line":2,"column":43}},"2":{"start":{"line":3,"column":0},"end":{"line":3,"column":42}},"28":{"start":{"line":29,"column":0},"end":{"line":29,"column":25}},"29":{"start":{"line":30,"column":0},"end":{"line":30,"column":36}},"35":{"start":{"line":36,"column":0},"end":{"line":36,"column":29}},"37":{"start":{"line":38,"column":0},"end":{"line":38,"column":42}},"38":{"start":{"line":39,"column":0},"end":{"line":39,"column":71}},"39":{"start":{"line":40,"column":0},"end":{"line":40,"column":5}},"41":{"start":{"line":42,"column":0},"end":{"line":42,"column":9}},"43":{"start":{"line":44,"column":0},"end":{"line":44,"column":42}},"46":{"start":{"line":47,"column":0},"end":{"line":47,"column":33}},"50":{"start":{"line":51,"column":0},"end":{"line":51,"column":44}},"51":{"start":{"line":52,"column":0},"end":{"line":52,"column":62}},"52":{"start":{"line":53,"column":0},"end":{"line":53,"column":9}},"53":{"start":{"line":54,"column":0},"end":{"line":54,"column":21}},"55":{"start":{"line":56,"column":0},"end":{"line":56,"column":78}},"56":{"start":{"line":57,"column":0},"end":{"line":57,"column":78}},"57":{"start":{"line":58,"column":0},"end":{"line":58,"column":87}},"58":{"start":{"line":59,"column":0},"end":{"line":59,"column":5}},"59":{"start":{"line":60,"column":0},"end":{"line":60,"column":3}},"64":{"start":{"line":65,"column":0},"end":{"line":65,"column":39}},"65":{"start":{"line":66,"column":0},"end":{"line":66,"column":25}},"67":{"start":{"line":68,"column":0},"end":{"line":68,"column":9}},"69":{"start":{"line":70,"column":0},"end":{"line":70,"column":79}},"70":{"start":{"line":71,"column":0},"end":{"line":71,"column":29}},"71":{"start":{"line":72,"column":0},"end":{"line":72,"column":72}},"72":{"start":{"line":73,"column":0},"end":{"line":73,"column":34}},"73":{"start":{"line":74,"column":0},"end":{"line":74,"column":16}},"74":{"start":{"line":75,"column":0},"end":{"line":75,"column":69}},"75":{"start":{"line":76,"column":0},"end":{"line":76,"column":9}},"76":{"start":{"line":77,"column":0},"end":{"line":77,"column":9}},"79":{"start":{"line":80,"column":0},"end":{"line":80,"column":53}},"80":{"start":{"line":81,"column":0},"end":{"line":81,"column":66}},"81":{"start":{"line":82,"column":0},"end":{"line":82,"column":9}},"84":{"start":{"line":85,"column":0},"end":{"line":85,"column":79}},"85":{"start":{"line":86,"column":0},"end":{"line":86,"column":29}},"86":{"start":{"line":87,"column":0},"end":{"line":87,"column":63}},"87":{"start":{"line":88,"column":0},"end":{"line":88,"column":16}},"88":{"start":{"line":89,"column":0},"end":{"line":89,"column":69}},"89":{"start":{"line":90,"column":0},"end":{"line":90,"column":9}},"90":{"start":{"line":91,"column":0},"end":{"line":91,"column":9}},"93":{"start":{"line":94,"column":0},"end":{"line":94,"column":49}},"94":{"start":{"line":95,"column":0},"end":{"line":95,"column":66}},"95":{"start":{"line":96,"column":0},"end":{"line":96,"column":32}},"96":{"start":{"line":97,"column":0},"end":{"line":97,"column":9}},"100":{"start":{"line":101,"column":0},"end":{"line":101,"column":68}},"102":{"start":{"line":103,"column":0},"end":{"line":103,"column":54}},"103":{"start":{"line":104,"column":0},"end":{"line":104,"column":85}},"104":{"start":{"line":105,"column":0},"end":{"line":105,"column":58}},"105":{"start":{"line":106,"column":0},"end":{"line":106,"column":9}},"106":{"start":{"line":107,"column":0},"end":{"line":107,"column":21}},"107":{"start":{"line":108,"column":0},"end":{"line":108,"column":78}},"108":{"start":{"line":109,"column":0},"end":{"line":109,"column":83}},"109":{"start":{"line":110,"column":0},"end":{"line":110,"column":5}},"110":{"start":{"line":111,"column":0},"end":{"line":111,"column":3}},"118":{"start":{"line":119,"column":0},"end":{"line":119,"column":36}},"121":{"start":{"line":122,"column":0},"end":{"line":122,"column":87}},"123":{"start":{"line":124,"column":0},"end":{"line":124,"column":24}},"124":{"start":{"line":125,"column":0},"end":{"line":125,"column":31}},"125":{"start":{"line":126,"column":0},"end":{"line":126,"column":5}},"126":{"start":{"line":127,"column":0},"end":{"line":127,"column":3}},"132":{"start":{"line":133,"column":0},"end":{"line":133,"column":26}},"133":{"start":{"line":134,"column":0},"end":{"line":134,"column":9}},"139":{"start":{"line":140,"column":0},"end":{"line":140,"column":14}},"140":{"start":{"line":141,"column":0},"end":{"line":141,"column":66}},"141":{"start":{"line":142,"column":0},"end":{"line":142,"column":73}},"143":{"start":{"line":144,"column":0},"end":{"line":144,"column":21}},"144":{"start":{"line":145,"column":0},"end":{"line":145,"column":78}},"145":{"start":{"line":146,"column":0},"end":{"line":146,"column":70}},"146":{"start":{"line":147,"column":0},"end":{"line":147,"column":19}},"147":{"start":{"line":148,"column":0},"end":{"line":148,"column":5}},"148":{"start":{"line":149,"column":0},"end":{"line":149,"column":3}},"154":{"start":{"line":155,"column":0},"end":{"line":155,"column":36}},"155":{"start":{"line":156,"column":0},"end":{"line":156,"column":42}},"156":{"start":{"line":157,"column":0},"end":{"line":157,"column":36}},"157":{"start":{"line":158,"column":0},"end":{"line":158,"column":5}},"159":{"start":{"line":160,"column":0},"end":{"line":160,"column":34}},"160":{"start":{"line":161,"column":0},"end":{"line":161,"column":24}},"161":{"start":{"line":162,"column":0},"end":{"line":162,"column":45}},"162":{"start":{"line":163,"column":0},"end":{"line":163,"column":25}},"163":{"start":{"line":164,"column":0},"end":{"line":164,"column":80}},"164":{"start":{"line":165,"column":0},"end":{"line":165,"column":80}},"165":{"start":{"line":166,"column":0},"end":{"line":166,"column":21}},"166":{"start":{"line":167,"column":0},"end":{"line":167,"column":9}},"167":{"start":{"line":168,"column":0},"end":{"line":168,"column":3}},"168":{"start":{"line":169,"column":0},"end":{"line":169,"column":1}},"170":{"start":{"line":171,"column":0},"end":{"line":171,"column":43}}},"s":{"0":1,"1":1,"2":1,"28":1,"29":15,"35":15,"37":6,"38":1,"39":1,"41":5,"43":5,"46":5,"50":5,"51":4,"52":5,"53":6,"55":0,"56":0,"57":0,"58":0,"59":6,"64":15,"65":5,"67":5,"69":5,"70":2,"71":2,"72":2,"73":2,"74":0,"75":0,"76":5,"79":5,"80":0,"81":5,"84":5,"85":0,"86":0,"87":0,"88":0,"89":0,"90":5,"93":5,"94":0,"95":0,"96":5,"100":5,"102":0,"103":0,"104":0,"105":5,"106":5,"107":0,"108":0,"109":0,"110":5,"118":15,"121":2,"123":2,"124":1,"125":1,"126":2,"132":15,"133":4,"139":4,"140":4,"141":2,"143":4,"144":1,"145":1,"146":1,"147":1,"148":4,"154":15,"155":4,"156":1,"157":1,"159":3,"160":3,"161":3,"162":3,"163":1,"164":1,"165":1,"166":3,"167":4,"168":15,"170":1},"branchMap":{"0":{"type":"branch","line":29,"loc":{"start":{"line":29,"column":24},"end":{"line":169,"column":1}},"locations":[{"start":{"line":29,"column":24},"end":{"line":169,"column":1}}]},"1":{"type":"branch","line":36,"loc":{"start":{"line":36,"column":2},"end":{"line":60,"column":3}},"locations":[{"start":{"line":36,"column":2},"end":{"line":60,"column":3}}]},"2":{"type":"branch","line":38,"loc":{"start":{"line":38,"column":41},"end":{"line":40,"column":5}},"locations":[{"start":{"line":38,"column":41},"end":{"line":40,"column":5}}]},"3":{"type":"branch","line":40,"loc":{"start":{"line":40,"column":4},"end":{"line":54,"column":13}},"locations":[{"start":{"line":40,"column":4},"end":{"line":54,"column":13}}]},"4":{"type":"branch","line":54,"loc":{"start":{"line":54,"column":4},"end":{"line":59,"column":5}},"locations":[{"start":{"line":54,"column":4},"end":{"line":59,"column":5}}]},"5":{"type":"branch","line":51,"loc":{"start":{"line":51,"column":37},"end":{"line":53,"column":7}},"locations":[{"start":{"line":51,"column":37},"end":{"line":53,"column":7}}]},"6":{"type":"branch","line":65,"loc":{"start":{"line":65,"column":10},"end":{"line":111,"column":3}},"locations":[{"start":{"line":65,"column":10},"end":{"line":111,"column":3}}]},"7":{"type":"branch","line":66,"loc":{"start":{"line":66,"column":18},"end":{"line":66,"column":25}},"locations":[{"start":{"line":66,"column":18},"end":{"line":66,"column":25}}]},"8":{"type":"branch","line":107,"loc":{"start":{"line":107,"column":4},"end":{"line":110,"column":5}},"locations":[{"start":{"line":107,"column":4},"end":{"line":110,"column":5}}]},"9":{"type":"branch","line":70,"loc":{"start":{"line":70,"column":44},"end":{"line":77,"column":7}},"locations":[{"start":{"line":70,"column":44},"end":{"line":77,"column":7}}]},"10":{"type":"branch","line":74,"loc":{"start":{"line":74,"column":8},"end":{"line":76,"column":9}},"locations":[{"start":{"line":74,"column":8},"end":{"line":76,"column":9}}]},"11":{"type":"branch","line":119,"loc":{"start":{"line":119,"column":10},"end":{"line":127,"column":3}},"locations":[{"start":{"line":119,"column":10},"end":{"line":127,"column":3}}]},"12":{"type":"branch","line":124,"loc":{"start":{"line":124,"column":23},"end":{"line":126,"column":5}},"locations":[{"start":{"line":124,"column":23},"end":{"line":126,"column":5}}]},"13":{"type":"branch","line":133,"loc":{"start":{"line":133,"column":2},"end":{"line":149,"column":3}},"locations":[{"start":{"line":133,"column":2},"end":{"line":149,"column":3}}]},"14":{"type":"branch","line":141,"loc":{"start":{"line":141,"column":56},"end":{"line":142,"column":73}},"locations":[{"start":{"line":141,"column":56},"end":{"line":142,"column":73}}]},"15":{"type":"branch","line":144,"loc":{"start":{"line":144,"column":4},"end":{"line":148,"column":5}},"locations":[{"start":{"line":144,"column":4},"end":{"line":148,"column":5}}]},"16":{"type":"branch","line":145,"loc":{"start":{"line":145,"column":54},"end":{"line":145,"column":78}},"locations":[{"start":{"line":145,"column":54},"end":{"line":145,"column":78}}]},"17":{"type":"branch","line":155,"loc":{"start":{"line":155,"column":2},"end":{"line":168,"column":3}},"locations":[{"start":{"line":155,"column":2},"end":{"line":168,"column":3}}]},"18":{"type":"branch","line":156,"loc":{"start":{"line":156,"column":41},"end":{"line":158,"column":5}},"locations":[{"start":{"line":156,"column":41},"end":{"line":158,"column":5}}]},"19":{"type":"branch","line":158,"loc":{"start":{"line":158,"column":4},"end":{"line":167,"column":9}},"locations":[{"start":{"line":158,"column":4},"end":{"line":167,"column":9}}]},"20":{"type":"branch","line":162,"loc":{"start":{"line":162,"column":12},"end":{"line":162,"column":44}},"locations":[{"start":{"line":162,"column":12},"end":{"line":162,"column":44}}]},"21":{"type":"branch","line":163,"loc":{"start":{"line":163,"column":13},"end":{"line":167,"column":7}},"locations":[{"start":{"line":163,"column":13},"end":{"line":167,"column":7}}]},"22":{"type":"branch","line":164,"loc":{"start":{"line":164,"column":56},"end":{"line":164,"column":80}},"locations":[{"start":{"line":164,"column":56},"end":{"line":164,"column":80}}]}},"b":{"0":[15],"1":[6],"2":[1],"3":[5],"4":[0],"5":[4],"6":[5],"7":[0],"8":[0],"9":[2],"10":[0],"11":[2],"12":[1],"13":[4],"14":[2],"15":[1],"16":[0],"17":[4],"18":[1],"19":[3],"20":[2],"21":[1],"22":[0]},"fnMap":{"0":{"name":"<instance_members_initializer>","decl":{"start":{"line":29,"column":24},"end":{"line":169,"column":1}},"loc":{"start":{"line":29,"column":24},"end":{"line":169,"column":1}},"line":29},"1":{"name":"register","decl":{"start":{"line":36,"column":2},"end":{"line":60,"column":3}},"loc":{"start":{"line":36,"column":2},"end":{"line":60,"column":3}},"line":36},"2":{"name":"setupEventListeners","decl":{"start":{"line":65,"column":10},"end":{"line":111,"column":3}},"loc":{"start":{"line":65,"column":10},"end":{"line":111,"column":3}},"line":65},"3":{"name":"showUpdatePrompt","decl":{"start":{"line":119,"column":10},"end":{"line":127,"column":3}},"loc":{"start":{"line":119,"column":10},"end":{"line":127,"column":3}},"line":119},"4":{"name":"isInstalled","decl":{"start":{"line":133,"column":2},"end":{"line":149,"column":3}},"loc":{"start":{"line":133,"column":2},"end":{"line":149,"column":3}},"line":133},"5":{"name":"isRegistered","decl":{"start":{"line":155,"column":2},"end":{"line":168,"column":3}},"loc":{"start":{"line":155,"column":2},"end":{"line":168,"column":3}},"line":155}},"f":{"0":15,"1":6,"2":5,"3":2,"4":4,"5":4}}
,"/workspaces/apps/src/services/sw-builder.ts": {"path":"/workspaces/apps/src/services/sw-builder.ts","all":true,"statementMap":{"6":{"start":{"line":7,"column":0},"end":{"line":7,"column":43}},"7":{"start":{"line":8,"column":0},"end":{"line":8,"column":20}},"8":{"start":{"line":9,"column":0},"end":{"line":9,"column":24}},"10":{"start":{"line":11,"column":0},"end":{"line":11,"column":24}},"16":{"start":{"line":17,"column":0},"end":{"line":17,"column":43}},"19":{"start":{"line":20,"column":0},"end":{"line":20,"column":72}},"100":{"start":{"line":101,"column":0},"end":{"line":101,"column":65}},"101":{"start":{"line":102,"column":0},"end":{"line":102,"column":64}},"103":{"start":{"line":104,"column":0},"end":{"line":104,"column":32}},"105":{"start":{"line":106,"column":0},"end":{"line":106,"column":25}},"106":{"start":{"line":107,"column":0},"end":{"line":107,"column":95}},"107":{"start":{"line":108,"column":0},"end":{"line":108,"column":6}},"108":{"start":{"line":109,"column":0},"end":{"line":109,"column":3}},"109":{"start":{"line":110,"column":0},"end":{"line":110,"column":1}},"112":{"start":{"line":113,"column":0},"end":{"line":113,"column":30}},"113":{"start":{"line":114,"column":0},"end":{"line":114,"column":51}},"114":{"start":{"line":115,"column":0},"end":{"line":115,"column":36}},"115":{"start":{"line":116,"column":0},"end":{"line":116,"column":1}}},"s":{"6":0,"7":0,"8":0,"10":0,"16":0,"19":0,"100":0,"101":0,"103":0,"105":0,"106":0,"107":0,"108":0,"109":0,"112":0,"113":0,"114":0,"115":0},"branchMap":{"0":{"type":"branch","line":1,"loc":{"start":{"line":1,"column":3317},"end":{"line":116,"column":1}},"locations":[{"start":{"line":1,"column":3317},"end":{"line":116,"column":1}}]}},"b":{"0":[1]},"fnMap":{"0":{"name":"(empty-report)","decl":{"start":{"line":1,"column":3317},"end":{"line":116,"column":1}},"loc":{"start":{"line":1,"column":3317},"end":{"line":116,"column":1}},"line":1}},"f":{"0":1}}
,"/workspaces/apps/src/test-utils/types.ts": {"path":"/workspaces/apps/src/test-utils/types.ts","all":true,"statementMap":{},"s":{},"branchMap":{"0":{"type":"branch","line":1,"loc":{"start":{"line":1,"column":823},"end":{"line":34,"column":1}},"locations":[{"start":{"line":1,"column":823},"end":{"line":34,"column":1}}]}},"b":{"0":[1]},"fnMap":{"0":{"name":"(empty-report)","decl":{"start":{"line":1,"column":823},"end":{"line":34,"column":1}},"loc":{"start":{"line":1,"column":823},"end":{"line":34,"column":1}},"line":1}},"f":{"0":1}}
,"/workspaces/apps/src/test-utils/web-components.ts": {"path":"/workspaces/apps/src/test-utils/web-components.ts","all":false,"statementMap":{"7":{"start":{"line":8,"column":0},"end":{"line":8,"column":28}},"9":{"start":{"line":10,"column":0},"end":{"line":10,"column":44}},"15":{"start":{"line":16,"column":0},"end":{"line":16,"column":66}},"17":{"start":{"line":18,"column":0},"end":{"line":18,"column":56}},"20":{"start":{"line":21,"column":0},"end":{"line":21,"column":16}},"21":{"start":{"line":22,"column":0},"end":{"line":22,"column":22}},"24":{"start":{"line":25,"column":0},"end":{"line":25,"column":50}},"25":{"start":{"line":26,"column":0},"end":{"line":26,"column":44}},"28":{"start":{"line":29,"column":0},"end":{"line":29,"column":28}},"29":{"start":{"line":30,"column":0},"end":{"line":30,"column":50}},"30":{"start":{"line":31,"column":0},"end":{"line":31,"column":34}},"31":{"start":{"line":32,"column":0},"end":{"line":32,"column":21}},"32":{"start":{"line":33,"column":0},"end":{"line":33,"column":7}},"33":{"start":{"line":34,"column":0},"end":{"line":34,"column":3}},"36":{"start":{"line":37,"column":0},"end":{"line":37,"column":42}},"39":{"start":{"line":40,"column":0},"end":{"line":40,"column":38}},"40":{"start":{"line":41,"column":0},"end":{"line":41,"column":33}},"41":{"start":{"line":42,"column":0},"end":{"line":42,"column":15}},"42":{"start":{"line":43,"column":0},"end":{"line":43,"column":49}},"43":{"start":{"line":44,"column":0},"end":{"line":44,"column":20}},"46":{"start":{"line":47,"column":0},"end":{"line":47,"column":26}},"47":{"start":{"line":48,"column":0},"end":{"line":48,"column":42}},"48":{"start":{"line":49,"column":0},"end":{"line":49,"column":33}},"49":{"start":{"line":50,"column":0},"end":{"line":50,"column":22}},"50":{"start":{"line":51,"column":0},"end":{"line":51,"column":23}},"51":{"start":{"line":52,"column":0},"end":{"line":52,"column":8}},"52":{"start":{"line":53,"column":0},"end":{"line":53,"column":6}},"53":{"start":{"line":54,"column":0},"end":{"line":54,"column":5}},"55":{"start":{"line":56,"column":0},"end":{"line":56,"column":37}},"56":{"start":{"line":57,"column":0},"end":{"line":57,"column":29}},"57":{"start":{"line":58,"column":0},"end":{"line":58,"column":85}},"58":{"start":{"line":59,"column":0},"end":{"line":59,"column":19}},"59":{"start":{"line":60,"column":0},"end":{"line":60,"column":50}},"60":{"start":{"line":61,"column":0},"end":{"line":61,"column":7}},"61":{"start":{"line":62,"column":0},"end":{"line":62,"column":5}},"62":{"start":{"line":63,"column":0},"end":{"line":63,"column":5}},"64":{"start":{"line":65,"column":0},"end":{"line":65,"column":41}},"65":{"start":{"line":66,"column":0},"end":{"line":66,"column":20}},"66":{"start":{"line":67,"column":0},"end":{"line":67,"column":5}},"68":{"start":{"line":69,"column":0},"end":{"line":69,"column":44}},"70":{"start":{"line":71,"column":0},"end":{"line":71,"column":63}},"71":{"start":{"line":72,"column":0},"end":{"line":72,"column":17}},"72":{"start":{"line":73,"column":0},"end":{"line":73,"column":53}},"73":{"start":{"line":74,"column":0},"end":{"line":74,"column":5}},"74":{"start":{"line":75,"column":0},"end":{"line":75,"column":5}},"76":{"start":{"line":77,"column":0},"end":{"line":77,"column":41}},"77":{"start":{"line":78,"column":0},"end":{"line":78,"column":66}},"78":{"start":{"line":79,"column":0},"end":{"line":79,"column":54}},"79":{"start":{"line":80,"column":0},"end":{"line":80,"column":44}},"80":{"start":{"line":81,"column":0},"end":{"line":81,"column":24}},"81":{"start":{"line":82,"column":0},"end":{"line":82,"column":61}},"82":{"start":{"line":83,"column":0},"end":{"line":83,"column":36}},"83":{"start":{"line":84,"column":0},"end":{"line":84,"column":24}},"84":{"start":{"line":85,"column":0},"end":{"line":85,"column":7}},"85":{"start":{"line":86,"column":0},"end":{"line":86,"column":5}},"86":{"start":{"line":87,"column":0},"end":{"line":87,"column":4}},"89":{"start":{"line":90,"column":0},"end":{"line":90,"column":46}},"90":{"start":{"line":91,"column":0},"end":{"line":91,"column":20}},"91":{"start":{"line":92,"column":0},"end":{"line":92,"column":19}},"92":{"start":{"line":93,"column":0},"end":{"line":93,"column":5}},"94":{"start":{"line":95,"column":0},"end":{"line":95,"column":47}},"95":{"start":{"line":96,"column":0},"end":{"line":96,"column":21}},"96":{"start":{"line":97,"column":0},"end":{"line":97,"column":19}},"97":{"start":{"line":98,"column":0},"end":{"line":98,"column":5}},"99":{"start":{"line":100,"column":0},"end":{"line":100,"column":51}},"100":{"start":{"line":101,"column":0},"end":{"line":101,"column":25}},"101":{"start":{"line":102,"column":0},"end":{"line":102,"column":19}},"102":{"start":{"line":103,"column":0},"end":{"line":103,"column":5}},"104":{"start":{"line":105,"column":0},"end":{"line":105,"column":55}},"105":{"start":{"line":106,"column":0},"end":{"line":106,"column":29}},"106":{"start":{"line":107,"column":0},"end":{"line":107,"column":19}},"107":{"start":{"line":108,"column":0},"end":{"line":108,"column":5}},"109":{"start":{"line":110,"column":0},"end":{"line":110,"column":58}},"110":{"start":{"line":111,"column":0},"end":{"line":111,"column":32}},"111":{"start":{"line":112,"column":0},"end":{"line":112,"column":19}},"112":{"start":{"line":113,"column":0},"end":{"line":113,"column":5}},"114":{"start":{"line":115,"column":0},"end":{"line":115,"column":62}},"115":{"start":{"line":116,"column":0},"end":{"line":116,"column":36}},"116":{"start":{"line":117,"column":0},"end":{"line":117,"column":19}},"117":{"start":{"line":118,"column":0},"end":{"line":118,"column":5}},"119":{"start":{"line":120,"column":0},"end":{"line":120,"column":52}},"120":{"start":{"line":121,"column":0},"end":{"line":121,"column":1}},"126":{"start":{"line":127,"column":0},"end":{"line":127,"column":58}},"128":{"start":{"line":129,"column":0},"end":{"line":129,"column":49}},"131":{"start":{"line":132,"column":0},"end":{"line":132,"column":66}},"134":{"start":{"line":135,"column":0},"end":{"line":135,"column":48}},"135":{"start":{"line":136,"column":0},"end":{"line":136,"column":22}},"136":{"start":{"line":137,"column":0},"end":{"line":137,"column":20}},"137":{"start":{"line":138,"column":0},"end":{"line":138,"column":5}},"140":{"start":{"line":141,"column":0},"end":{"line":141,"column":24}},"141":{"start":{"line":142,"column":0},"end":{"line":142,"column":46}},"142":{"start":{"line":143,"column":0},"end":{"line":143,"column":34}},"143":{"start":{"line":144,"column":0},"end":{"line":144,"column":21}},"144":{"start":{"line":145,"column":0},"end":{"line":145,"column":7}},"145":{"start":{"line":146,"column":0},"end":{"line":146,"column":3}},"148":{"start":{"line":149,"column":0},"end":{"line":149,"column":30}},"149":{"start":{"line":150,"column":0},"end":{"line":150,"column":25}},"151":{"start":{"line":152,"column":0},"end":{"line":152,"column":52}},"152":{"start":{"line":153,"column":0},"end":{"line":153,"column":65}},"153":{"start":{"line":154,"column":0},"end":{"line":154,"column":7}},"156":{"start":{"line":157,"column":0},"end":{"line":157,"column":56}},"157":{"start":{"line":158,"column":0},"end":{"line":158,"column":39}},"158":{"start":{"line":159,"column":0},"end":{"line":159,"column":47}},"161":{"start":{"line":162,"column":0},"end":{"line":162,"column":49}},"162":{"start":{"line":163,"column":0},"end":{"line":163,"column":47}},"163":{"start":{"line":164,"column":0},"end":{"line":164,"column":41}},"164":{"start":{"line":165,"column":0},"end":{"line":165,"column":42}},"167":{"start":{"line":168,"column":0},"end":{"line":168,"column":54}},"168":{"start":{"line":169,"column":0},"end":{"line":169,"column":46}},"169":{"start":{"line":170,"column":0},"end":{"line":170,"column":74}},"170":{"start":{"line":171,"column":0},"end":{"line":171,"column":46}},"171":{"start":{"line":172,"column":0},"end":{"line":172,"column":5}},"172":{"start":{"line":173,"column":0},"end":{"line":173,"column":5}},"174":{"start":{"line":175,"column":0},"end":{"line":175,"column":41}},"175":{"start":{"line":176,"column":0},"end":{"line":176,"column":9}},"176":{"start":{"line":177,"column":0},"end":{"line":177,"column":15}},"177":{"start":{"line":178,"column":0},"end":{"line":178,"column":21}},"178":{"start":{"line":179,"column":0},"end":{"line":179,"column":58}},"179":{"start":{"line":180,"column":0},"end":{"line":180,"column":5}},"180":{"start":{"line":181,"column":0},"end":{"line":181,"column":5}},"182":{"start":{"line":183,"column":0},"end":{"line":183,"column":44}},"184":{"start":{"line":185,"column":0},"end":{"line":185,"column":25}},"186":{"start":{"line":187,"column":0},"end":{"line":187,"column":66}},"187":{"start":{"line":188,"column":0},"end":{"line":188,"column":20}},"188":{"start":{"line":189,"column":0},"end":{"line":189,"column":65}},"189":{"start":{"line":190,"column":0},"end":{"line":190,"column":55}},"190":{"start":{"line":191,"column":0},"end":{"line":191,"column":7}},"191":{"start":{"line":192,"column":0},"end":{"line":192,"column":5}},"192":{"start":{"line":193,"column":0},"end":{"line":193,"column":5}},"194":{"start":{"line":195,"column":0},"end":{"line":195,"column":39}},"196":{"start":{"line":197,"column":0},"end":{"line":197,"column":50}},"197":{"start":{"line":198,"column":0},"end":{"line":198,"column":5}},"199":{"start":{"line":200,"column":0},"end":{"line":200,"column":41}},"200":{"start":{"line":201,"column":0},"end":{"line":201,"column":66}},"201":{"start":{"line":202,"column":0},"end":{"line":202,"column":54}},"202":{"start":{"line":203,"column":0},"end":{"line":203,"column":54}},"203":{"start":{"line":204,"column":0},"end":{"line":204,"column":17}},"204":{"start":{"line":205,"column":0},"end":{"line":205,"column":7}},"205":{"start":{"line":206,"column":0},"end":{"line":206,"column":5}},"206":{"start":{"line":207,"column":0},"end":{"line":207,"column":4}},"209":{"start":{"line":210,"column":0},"end":{"line":210,"column":40}},"210":{"start":{"line":211,"column":0},"end":{"line":211,"column":18}},"211":{"start":{"line":212,"column":0},"end":{"line":212,"column":19}},"212":{"start":{"line":213,"column":0},"end":{"line":213,"column":5}},"214":{"start":{"line":215,"column":0},"end":{"line":215,"column":51}},"215":{"start":{"line":216,"column":0},"end":{"line":216,"column":29}},"216":{"start":{"line":217,"column":0},"end":{"line":217,"column":19}},"217":{"start":{"line":218,"column":
[...]
,"/workspaces/apps/src/utils/dom.ts": {"path":"/workspaces/apps/src/utils/dom.ts","all":false,"statementMap":{"11":{"start":{"line":12,"column":0},"end":{"line":12,"column":53}},"12":{"start":{"line":13,"column":0},"end":{"line":13,"column":14}},"13":{"start":{"line":14,"column":0},"end":{"line":14,"column":42}},"14":{"start":{"line":15,"column":0},"end":{"line":15,"column":41}},"15":{"start":{"line":16,"column":0},"end":{"line":16,"column":6}},"16":{"start":{"line":17,"column":0},"end":{"line":17,"column":51}},"19":{"start":{"line":20,"column":0},"end":{"line":20,"column":56}},"20":{"start":{"line":21,"column":0},"end":{"line":21,"column":37}},"21":{"start":{"line":22,"column":0},"end":{"line":22,"column":5}},"24":{"start":{"line":25,"column":0},"end":{"line":25,"column":31}},"25":{"start":{"line":26,"column":0},"end":{"line":26,"column":36}},"26":{"start":{"line":27,"column":0},"end":{"line":27,"column":58}},"27":{"start":{"line":28,"column":0},"end":{"line":28,"column":12}},"28":{"start":{"line":29,"column":0},"end":{"line":29,"column":33}},"29":{"start":{"line":30,"column":0},"end":{"line":30,"column":5}},"30":{"start":{"line":31,"column":0},"end":{"line":31,"column":5}},"32":{"start":{"line":33,"column":0},"end":{"line":33,"column":17}},"33":{"start":{"line":34,"column":0},"end":{"line":34,"column":1}},"41":{"start":{"line":42,"column":0},"end":{"line":42,"column":97}},"42":{"start":{"line":43,"column":0},"end":{"line":43,"column":93}},"44":{"start":{"line":45,"column":0},"end":{"line":45,"column":23}},"45":{"start":{"line":46,"column":0},"end":{"line":46,"column":20}},"46":{"start":{"line":47,"column":0},"end":{"line":47,"column":87}},"47":{"start":{"line":48,"column":0},"end":{"line":48,"column":6}},"48":{"start":{"line":49,"column":0},"end":{"line":49,"column":3}},"50":{"start":{"line":51,"column":0},"end":{"line":51,"column":35}},"51":{"start":{"line":52,"column":0},"end":{"line":52,"column":15}},"52":{"start":{"line":53,"column":0},"end":{"line":53,"column":1}},"60":{"start":{"line":61,"column":0},"end":{"line":61,"column":99}},"61":{"start":{"line":62,"column":0},"end":{"line":62,"column":56}},"62":{"start":{"line":63,"column":0},"end":{"line":63,"column":16}},"63":{"start":{"line":64,"column":0},"end":{"line":64,"column":19}},"64":{"start":{"line":65,"column":0},"end":{"line":65,"column":3}},"66":{"start":{"line":67,"column":0},"end":{"line":67,"column":32}},"67":{"start":{"line":68,"column":0},"end":{"line":68,"column":40}},"68":{"start":{"line":69,"column":0},"end":{"line":69,"column":20}},"69":{"start":{"line":70,"column":0},"end":{"line":70,"column":1}}},"s":{"11":1,"12":6,"13":6,"14":6,"15":6,"16":6,"19":6,"20":3,"21":6,"24":6,"25":6,"26":4,"27":6,"28":2,"29":2,"30":6,"32":6,"33":6,"41":1,"42":3,"44":3,"45":1,"46":1,"47":1,"48":1,"50":2,"51":2,"52":2,"60":1,"61":2,"62":2,"63":1,"64":1,"66":1,"67":1,"68":1,"69":1},"branchMap":{"0":{"type":"branch","line":12,"loc":{"start":{"line":12,"column":7},"end":{"line":34,"column":1}},"locations":[{"start":{"line":12,"column":7},"end":{"line":34,"column":1}}]},"1":{"type":"branch","line":20,"loc":{"start":{"line":20,"column":37},"end":{"line":22,"column":3}},"locations":[{"start":{"line":20,"column":37},"end":{"line":22,"column":3}}]},"2":{"type":"branch","line":25,"loc":{"start":{"line":25,"column":19},"end":{"line":31,"column":3}},"locations":[{"start":{"line":25,"column":19},"end":{"line":31,"column":3}}]},"3":{"type":"branch","line":26,"loc":{"start":{"line":26,"column":35},"end":{"line":28,"column":11}},"locations":[{"start":{"line":26,"column":35},"end":{"line":28,"column":11}}]},"4":{"type":"branch","line":28,"loc":{"start":{"line":28,"column":4},"end":{"line":30,"column":5}},"locations":[{"start":{"line":28,"column":4},"end":{"line":30,"column":5}}]},"5":{"type":"branch","line":42,"loc":{"start":{"line":42,"column":7},"end":{"line":53,"column":1}},"locations":[{"start":{"line":42,"column":7},"end":{"line":53,"column":1}}]},"6":{"type":"branch","line":43,"loc":{"start":{"line":43,"column":42},"end":{"line":43,"column":86}},"locations":[{"start":{"line":43,"column":42},"end":{"line":43,"column":86}}]},"7":{"type":"branch","line":43,"loc":{"start":{"line":43,"column":82},"end":{"line":43,"column":93}},"locations":[{"start":{"line":43,"column":82},"end":{"line":43,"column":93}}]},"8":{"type":"branch","line":45,"loc":{"start":{"line":45,"column":22},"end":{"line":49,"column":3}},"locations":[{"start":{"line":45,"column":22},"end":{"line":49,"column":3}}]},"9":{"type":"branch","line":47,"loc":{"start":{"line":47,"column":53},"end":{"line":47,"column":75}},"locations":[{"start":{"line":47,"column":53},"end":{"line":47,"column":75}}]},"10":{"type":"branch","line":49,"loc":{"start":{"line":49,"column":2},"end":{"line":53,"column":1}},"locations":[{"start":{"line":49,"column":2},"end":{"line":53,"column":1}}]},"11":{"type":"branch","line":61,"loc":{"start":{"line":61,"column":7},"end":{"line":70,"column":1}},"locations":[{"start":{"line":61,"column":7},"end":{"line":70,"column":1}}]},"12":{"type":"branch","line":63,"loc":{"start":{"line":63,"column":15},"end":{"line":70,"column":1}},"locations":[{"start":{"line":63,"column":15},"end":{"line":70,"column":1}}]}},"b":{"0":[6],"1":[3],"2":[6],"3":[4],"4":[2],"5":[3],"6":[2],"7":[1],"8":[1],"9":[0],"10":[2],"11":[2],"12":[1]},"fnMap":{"0":{"name":"createElement","decl":{"start":{"line":12,"column":7},"end":{"line":34,"column":1}},"loc":{"start":{"line":12,"column":7},"end":{"line":34,"column":1}},"line":12},"1":{"name":"appendElement","decl":{"start":{"line":42,"column":7},"end":{"line":53,"column":1}},"loc":{"start":{"line":42,"column":7},"end":{"line":53,"column":1}},"line":42},"2":{"name":"getOrCreateElement","decl":{"start":{"line":61,"column":7},"end":{"line":70,"column":1}},"loc":{"start":{"line":61,"column":7},"end":{"line":70,"column":1}},"line":61}},"f":{"0":6,"1":3,"2":2}}
,"/workspaces/apps/src/utils/logger.ts": {"path":"/workspaces/apps/src/utils/logger.ts","all":false,"statementMap":{"13":{"start":{"line":14,"column":0},"end":{"line":14,"column":46}},"14":{"start":{"line":15,"column":0},"end":{"line":15,"column":11}},"15":{"start":{"line":16,"column":0},"end":{"line":16,"column":10}},"16":{"start":{"line":17,"column":0},"end":{"line":17,"column":10}},"17":{"start":{"line":18,"column":0},"end":{"line":18,"column":11}},"18":{"start":{"line":19,"column":0},"end":{"line":19,"column":2}},"20":{"start":{"line":21,"column":0},"end":{"line":21,"column":38}},"21":{"start":{"line":22,"column":0},"end":{"line":22,"column":16}},"22":{"start":{"line":23,"column":0},"end":{"line":23,"column":24}},"23":{"start":{"line":24,"column":0},"end":{"line":24,"column":16}},"24":{"start":{"line":25,"column":0},"end":{"line":25,"column":2}},"26":{"start":{"line":27,"column":0},"end":{"line":27,"column":49}},"31":{"start":{"line":32,"column":0},"end":{"line":32,"column":70}},"32":{"start":{"line":33,"column":0},"end":{"line":33,"column":39}},"33":{"start":{"line":34,"column":0},"end":{"line":34,"column":2}},"38":{"start":{"line":39,"column":0},"end":{"line":39,"column":40}},"39":{"start":{"line":40,"column":0},"end":{"line":40,"column":33}},"40":{"start":{"line":41,"column":0},"end":{"line":41,"column":2}},"45":{"start":{"line":46,"column":0},"end":{"line":46,"column":46}},"46":{"start":{"line":47,"column":0},"end":{"line":47,"column":23}},"47":{"start":{"line":48,"column":0},"end":{"line":48,"column":2}},"52":{"start":{"line":53,"column":0},"end":{"line":53,"column":59}},"53":{"start":{"line":54,"column":0},"end":{"line":54,"column":31}},"54":{"start":{"line":55,"column":0},"end":{"line":55,"column":47}},"55":{"start":{"line":56,"column":0},"end":{"line":56,"column":39}},"56":{"start":{"line":57,"column":0},"end":{"line":57,"column":3}},"57":{"start":{"line":58,"column":0},"end":{"line":58,"column":17}},"58":{"start":{"line":59,"column":0},"end":{"line":59,"column":2}},"63":{"start":{"line":64,"column":0},"end":{"line":64,"column":56}},"64":{"start":{"line":65,"column":0},"end":{"line":65,"column":73}},"65":{"start":{"line":66,"column":0},"end":{"line":66,"column":2}},"70":{"start":{"line":71,"column":0},"end":{"line":71,"column":94}},"71":{"start":{"line":72,"column":0},"end":{"line":72,"column":50}},"74":{"start":{"line":75,"column":0},"end":{"line":75,"column":56}},"75":{"start":{"line":76,"column":0},"end":{"line":76,"column":54}},"76":{"start":{"line":77,"column":0},"end":{"line":77,"column":65}},"77":{"start":{"line":78,"column":0},"end":{"line":78,"column":12}},"78":{"start":{"line":79,"column":0},"end":{"line":79,"column":46}},"79":{"start":{"line":80,"column":0},"end":{"line":80,"column":5}},"80":{"start":{"line":81,"column":0},"end":{"line":81,"column":3}},"82":{"start":{"line":83,"column":0},"end":{"line":83,"column":44}},"83":{"start":{"line":84,"column":0},"end":{"line":84,"column":54}},"85":{"start":{"line":86,"column":0},"end":{"line":86,"column":58}},"86":{"start":{"line":87,"column":0},"end":{"line":87,"column":12}},"88":{"start":{"line":89,"column":0},"end":{"line":89,"column":39}},"89":{"start":{"line":90,"column":0},"end":{"line":90,"column":5}},"90":{"start":{"line":91,"column":0},"end":{"line":91,"column":3}},"91":{"start":{"line":92,"column":0},"end":{"line":92,"column":2}},"96":{"start":{"line":97,"column":0},"end":{"line":97,"column":79}},"97":{"start":{"line":98,"column":0},"end":{"line":98,"column":27}},"98":{"start":{"line":99,"column":0},"end":{"line":99,"column":51}},"99":{"start":{"line":100,"column":0},"end":{"line":100,"column":3}},"100":{"start":{"line":101,"column":0},"end":{"line":101,"column":2}},"105":{"start":{"line":106,"column":0},"end":{"line":106,"column":78}},"106":{"start":{"line":107,"column":0},"end":{"line":107,"column":26}},"107":{"start":{"line":108,"column":0},"end":{"line":108,"column":50}},"108":{"start":{"line":109,"column":0},"end":{"line":109,"column":3}},"109":{"start":{"line":110,"column":0},"end":{"line":110,"column":2}},"114":{"start":{"line":115,"column":0},"end":{"line":115,"column":78}},"115":{"start":{"line":116,"column":0},"end":{"line":116,"column":26}},"116":{"start":{"line":117,"column":0},"end":{"line":117,"column":50}},"117":{"start":{"line":118,"column":0},"end":{"line":118,"column":3}},"118":{"start":{"line":119,"column":0},"end":{"line":119,"column":2}},"123":{"start":{"line":124,"column":0},"end":{"line":124,"column":62}},"124":{"start":{"line":125,"column":0},"end":{"line":125,"column":27}},"125":{"start":{"line":126,"column":0},"end":{"line":126,"column":14}},"126":{"start":{"line":127,"column":0},"end":{"line":127,"column":75}},"127":{"start":{"line":128,"column":0},"end":{"line":128,"column":12}},"128":{"start":{"line":129,"column":0},"end":{"line":129,"column":37}},"129":{"start":{"line":130,"column":0},"end":{"line":130,"column":5}},"130":{"start":{"line":131,"column":0},"end":{"line":131,"column":3}},"131":{"start":{"line":132,"column":0},"end":{"line":132,"column":2}},"137":{"start":{"line":138,"column":0},"end":{"line":138,"column":51}},"138":{"start":{"line":139,"column":0},"end":{"line":139,"column":39}},"139":{"start":{"line":140,"column":0},"end":{"line":140,"column":25}},"140":{"start":{"line":141,"column":0},"end":{"line":141,"column":16}},"141":{"start":{"line":142,"column":0},"end":{"line":142,"column":35}},"142":{"start":{"line":143,"column":0},"end":{"line":143,"column":4}},"143":{"start":{"line":144,"column":0},"end":{"line":144,"column":2}},"145":{"start":{"line":146,"column":0},"end":{"line":146,"column":16}},"146":{"start":{"line":147,"column":0},"end":{"line":147,"column":12}},"147":{"start":{"line":148,"column":0},"end":{"line":148,"column":14}},"148":{"start":{"line":149,"column":0},"end":{"line":149,"column":12}},"149":{"start":{"line":150,"column":0},"end":{"line":150,"column":8}},"150":{"start":{"line":151,"column":0},"end":{"line":151,"column":7}},"151":{"start":{"line":152,"column":0},"end":{"line":152,"column":7}},"152":{"start":{"line":153,"column":0},"end":{"line":153,"column":8}},"153":{"start":{"line":154,"column":0},"end":{"line":154,"column":17}},"154":{"start":{"line":155,"column":0},"end":{"line":155,"column":2}}},"s":{"13":1,"14":1,"15":1,"16":1,"17":1,"18":1,"20":1,"21":1,"22":1,"23":1,"24":1,"26":1,"31":1,"32":11,"33":11,"38":1,"39":14,"40":14,"45":1,"46":3,"47":3,"52":1,"53":17,"54":14,"55":14,"56":14,"57":3,"58":3,"63":1,"64":22,"65":22,"70":1,"71":15,"74":15,"75":15,"76":4,"77":15,"78":11,"79":11,"80":15,"82":0,"83":0,"85":0,"86":0,"88":0,"89":0,"90":0,"91":15,"96":1,"97":2,"98":1,"99":1,"100":2,"105":1,"106":10,"107":9,"108":9,"109":10,"114":1,"115":0,"116":0,"117":0,"118":0,"123":1,"124":5,"125":5,"126":3,"127":3,"128":2,"129":2,"130":5,"131":5,"137":1,"138":1,"139":1,"140":1,"141":1,"142":1,"143":1,"145":1,"146":1,"147":1,"148":1,"149":1,"150":1,"151":1,"152":1,"153":1,"154":1},"branchMap":{"0":{"type":"branch","line":32,"loc":{"start":{"line":32,"column":25},"end":{"line":34,"column":2}},"locations":[{"start":{"line":32,"column":25},"end":{"line":34,"column":2}}]},"1":{"type":"branch","line":39,"loc":{"start":{"line":39,"column":27},"end":{"line":41,"column":2}},"locations":[{"start":{"line":39,"column":27},"end":{"line":41,"column":2}}]},"2":{"type":"branch","line":46,"loc":{"start":{"line":46,"column":25},"end":{"line":48,"column":2}},"locations":[{"start":{"line":46,"column":25},"end":{"line":48,"column":2}}]},"3":{"type":"branch","line":53,"loc":{"start":{"line":53,"column":29},"end":{"line":59,"column":2}},"locations":[{"start":{"line":53,"column":29},"end":{"line":59,"column":2}}]},"4":{"type":"branch","line":54,"loc":{"start":{"line":54,"column":30},"end":{"line":57,"column":3}},"locations":[{"start":{"line":54,"column":30},"end":{"line":57,"column":3}}]},"5":{"type":"branch","line":57,"loc":{"start":{"line":57,"column":2},"end":{"line":59,"column":2}},"locations":[{"start":{"line":57,"column":2},"end":{"line":59,"column":2}}]},"6":{"type":"branch","line":64,"loc":{"start":{"line":64,"column":25},"end":{"line":66,"column":2}},"locations":[{"start":{"line":64,"column":25},"end":{"line":66,"column":2}}]},"7":{"type":"branch","line":65,"loc":{"start":{"line":65,"column":16},"end":{"line":65,"column":73}},"locations":[{"start":{"line":65,"column":16},"end":{"line":65,"column":73}}]},"8":{"type":"branch","line":71,"loc":{"start":{"line":71,"column":21},"end":{"line":92,"column":2}},"locations":[{"start":{"line":71,"column":21},"end":{"line":92,"column":2}}]},"9":{"type":"branch","line":76,"loc":{"start":{"line":76,"column":8},"end":{"line":76,"column":53}},"locations":[{"start":{"line":76,"column":8},"end":{"line":76,"column":53}}]},"10":{"type":"branch","line":76,"loc":{"start":{"line":76,"column":53},"end":{"line":78,"column":11}},"locations":[{"start":{"line":76,"column":53},"end":{"line":78,"column":11}}]},"11":{"type":"branch","line":78,"loc":{"start":{"line":78,"column":4},"end":{"line":80,"column":5}},"locations":[{"start":{"line":78,"column":4},"end":{"line":80,"column":5}}]},"12":{"type":"branch","line":81,"loc":{"start":{"line":81,"column":2},"end":{"line":91,"column":3}},"locations":[{"start":{"line":81,"column":2},"end":{"line":91,"column":3}}]},"13":{"type":"branch","line":97,"loc":{"start":{"line":97,"column":21},"end":{"line":101,"column":2}},"locations":[{"start":{"line":97,"column":21},"end":{"line":101,"column":2}}]},"14":{"type":"branch","line":98,"loc":{"start":{"line":98,"column":26},"end":{"line":100,"column":3}},"locations":[{"start":{"line":98,"column":26},"end":{"line":100,"column":3}}]},"15":{"type":"branch","line":106,"loc":{"start":{"line":106,"column":20},"end":{"line":110,"column":2}},"locations":[{"start":{"line":106,"column":20},"end":{"line":110,"column":2}}]},"16":{"type":"branch","line":107,"loc":{"start":{"line":107,"column":25},"end":{"line":109,"column":3}},"locations":[{"start":{"line":107,"column":25},"end":{"line":109,"column":3}}]},"17":{"type":"branch","line":124,"loc":{"start":{"line":124,"column":21},"end":{"line":132,"column":2}},"locations":[{"start":{"line":124,"column":21},"end":{"line":132,"column":2}}]},"18":{"type":"branch","line":126,"loc":{"start":{"line":126,"column":13},"end":{"line":130,"column":5}},"locations":[{"start":{"line":126,"column":13},"end":{"line":130,"column":5}}]},"19":{"type":"branch","line":127,"loc":{"start":{"line":127,"column":64},"end":{"line":127,"column":73}},"locations":[{"start":{"line":127,"column":64},"end":{"line":127,"column":73}}]},"20":{"type":"branch","line":128,"loc":{"start":{"line":128,"column":4},"end":{"line":130,"column":5}},"locations":[{"start":{"line":128,"column":4},"end":{"line":130,"column":5}}]},"21":{"type":"branch","line":138,"loc":{"start":{"line":138,"column":30},"end":{"line":144,"column":2}},"locations":[{"start":{"line":138,"column":30},"end":{"line":144,"column":2}}]},"22":{"type":"branch","line":141,"loc":{"start":{"line":141,"column":9},"end":{"line":143,"column":4}},"locations":[{"start":{"line":141,"column":9},"end":{"line":143,"column":4}}]}},"b":{"0":[11],"1":[14],"2":[3],"3":[17],"4":[14],"5":[3],"6":[22],"7":[20],"8":[15],"9":[13],"10":[4],"11":[11],"12":[0],"13":[2],"14":[1],"15":[10],"16":[9],"17":[5],"18":[3],"19":[0],"20":[2],"21":[1],"22":[1]},"fnMap":{"0":{"name":"configure","decl":{"start":{"line":32,"column":25},"end":{"line":34,"column":2}},"loc":{"start":{"line":32,"column":25},"end":{"line":34,"column":2}},"line":32},"1":{"name":"resetConfig","decl":{"start":{"line":39,"column":27},"end":{"line":41,"column":2}},"loc":{"start":{"line":39,"column":27},"end":{"line":41,"column":2}},"line":39},"2":{"name":"getConfig","decl":{"start":{"line":46,"column":25},"end":{"line":48,"column":2}},"loc":{"start":{"line":46,"column":25},"end":{"line":48,"column":2}},"line":46},"3":{"name":"formatMessage","decl":{"start":{"line":53,"column":29},"end":{"line":59,"column":2}},"loc":{"start":{"line":53,"column":29},"end":{"line":59,"column":2}},"line":53},"4":{"name":"shouldLog","decl":{"start":{"line":64,"column":25},"end":{"line":66,"column":2}},"loc":{"start":{"line":64,"column":25},"end":{"line":66,"column":2}},"line":64},"5":{"name":"logToConsole","decl":{"start":{"line":71,"column":21},"end":{"line":92,"column":2}},"loc":{"start":{"line":71,"column":21},"end":{"line":92,"column":2}},"line":71},"6":{"name":"debug","decl":{"start":{"line":97,"column":21},"end":{"line":101,"column":2}},"loc":{"start":{"line":97,"column":21},"end":{"line":101,"column":2}},"line":97},"7":{"name":"info","decl":{"start":{"line":106,"column":20},"end":{"line":110,"column":2}},"loc":{"start":{"line":106,"column":20},"end":{"line":110,"column":2}},"line":106},"8":{"name":"warn","decl":{"start":{"line":115,"column":20},"end":{"line":119,"column":2}},"loc":{"start":{"line":115,"column":20},"end":{"line":119,"column":2}},"line":115},"9":{"name":"error","decl":{"start":{"line":124,"column":21},"end":{"line":132,"column":2}},"loc":{"start":{"line":124,"column":21},"end":{"line":132,"column":2}},"line":124},"10":{"name":"disableLogging","decl":{"start":{"line":138,"column":30},"end":{"line":144,"column":2}},"loc":{"start":{"line":138,"column":30},"end":{"line":144,"column":2}},"line":138}},"f":{"0":11,"1":14,"2":3,"3":17,"4":22,"5":15,"6":2,"7":10,"8":0,"9":5,"10":1}}
}
