TN:
SF:src/main.ts
FN:31,initialize
FN:68,setupGlobalErrorHandlers
FN:151,containsAny
FN:159,initializePWA
FN:206,initializeComponents
FN:230,showErrorFallback
FNF:6
FNH:4
FNDA:4,initialize
FNDA:4,setupGlobalErrorHandlers
FNDA:0,containsAny
FNDA:4,initializePWA
FNDA:4,initializeComponents
FNDA:0,showErrorFallback
DA:1,1
DA:2,1
DA:3,1
DA:4,1
DA:5,1
DA:6,1
DA:27,1
DA:31,1
DA:32,4
DA:34,4
DA:37,4
DA:38,4
DA:39,4
DA:41,1
DA:42,1
DA:45,1
DA:46,1
DA:47,1
DA:48,1
DA:49,1
DA:50,1
DA:51,1
DA:52,1
DA:53,1
DA:54,1
DA:57,4
DA:58,4
DA:59,0
DA:60,0
DA:61,0
DA:62,0
DA:63,4
DA:68,1
DA:70,4
DA:73,4
DA:74,0
DA:75,0
DA:76,0
DA:77,0
DA:78,0
DA:79,0
DA:80,0
DA:83,0
DA:86,0
DA:87,0
DA:88,0
DA:89,0
DA:90,0
DA:91,0
DA:92,0
DA:93,0
DA:94,0
DA:95,0
DA:96,0
DA:100,0
DA:101,0
DA:102,0
DA:104,0
DA:106,0
DA:107,0
DA:109,0
DA:110,0
DA:113,4
DA:116,4
DA:117,0
DA:118,0
DA:121,0
DA:124,0
DA:125,0
DA:126,0
DA:127,0
DA:128,0
DA:129,0
DA:130,0
DA:131,0
DA:134,0
DA:135,0
DA:136,0
DA:138,0
DA:140,0
DA:141,0
DA:143,0
DA:144,0
DA:145,4
DA:146,4
DA:151,1
DA:152,0
DA:153,0
DA:159,1
DA:161,4
DA:163,4
DA:166,0
DA:167,0
DA:168,0
DA:171,4
DA:172,4
DA:173,3
DA:174,4
DA:177,1
DA:179,1
DA:181,1
DA:182,1
DA:183,1
DA:184,1
DA:185,1
DA:186,0
DA:187,0
DA:189,0
DA:191,0
DA:192,0
DA:193,0
DA:194,0
DA:195,0
DA:196,1
DA:199,1
DA:200,1
DA:201,4
DA:206,1
DA:207,4
DA:209,4
DA:210,0
DA:211,0
DA:212,0
DA:213,0
DA:216,4
DA:217,4
DA:218,4
DA:219,4
DA:220,0
DA:221,0
DA:222,0
DA:223,0
DA:224,0
DA:225,4
DA:230,1
DA:231,0
DA:232,0
DA:233,0
DA:234,0
DA:239,0
DA:248,0
DA:249,0
DA:251,0
DA:252,0
DA:253,0
DA:256,0
DA:257,0
DA:258,0
DA:259,1
DA:265,1
DA:266,1
DA:267,0
DA:268,0
DA:269,0
LF:154
LH:66
BRDA:31,0,0,4
BRDA:38,1,0,3
BRDA:39,2,0,1
BRDA:41,3,0,0
BRDA:49,4,0,0
BRDA:50,5,0,0
BRDA:58,6,0,0
BRDA:68,7,0,4
BRDA:159,8,0,4
BRDA:163,9,0,0
BRDA:172,10,0,3
BRDA:174,11,0,1
BRDA:177,12,0,0
BRDA:185,13,0,0
BRDA:206,14,0,4
BRDA:209,15,0,0
BRDA:209,16,0,0
BRDA:219,17,0,0
BRF:18
BRH:8
end_of_record
TN:
SF:src/components/App.ts
FN:9,<instance_members_initializer>
FN:486,createApp
FNF:2
FNH:1
FNDA:0,<instance_members_initializer>
FNDA:3,createApp
DA:2,1
DA:3,1
DA:4,1
DA:9,1
DA:10,0
DA:11,0
DA:14,0
DA:15,0
DA:16,0
DA:18,0
DA:19,0
DA:21,0
DA:23,0
DA:26,0
DA:29,0
DA:30,0
DA:147,0
DA:148,0
DA:149,0
DA:150,0
DA:151,0
DA:152,0
DA:155,0
DA:156,0
DA:157,0
DA:158,0
DA:159,0
DA:160,0
DA:161,0
DA:162,0
DA:163,0
DA:166,0
DA:167,0
DA:169,0
DA:170,0
DA:171,0
DA:172,0
DA:173,0
DA:174,0
DA:175,0
DA:176,0
DA:177,0
DA:180,0
DA:181,0
DA:182,0
DA:183,0
DA:184,0
DA:185,0
DA:186,0
DA:189,0
DA:190,0
DA:191,0
DA:192,0
DA:193,0
DA:194,0
DA:195,0
DA:198,0
DA:200,0
DA:201,0
DA:202,0
DA:203,0
DA:204,0
DA:205,0
DA:206,0
DA:207,0
DA:208,0
DA:209,0
DA:210,0
DA:211,0
DA:212,0
DA:213,0
DA:214,0
DA:217,0
DA:219,0
DA:220,0
DA:221,0
DA:222,0
DA:223,0
DA:224,0
DA:225,0
DA:226,0
DA:227,0
DA:228,0
DA:229,0
DA:232,0
DA:233,0
DA:234,0
DA:235,0
DA:238,0
DA:239,0
DA:240,0
DA:241,0
DA:242,0
DA:243,0
DA:244,0
DA:245,0
DA:246,0
DA:247,0
DA:248,0
DA:249,0
DA:252,0
DA:253,0
DA:254,0
DA:255,0
DA:256,0
DA:257,0
DA:258,0
DA:259,0
DA:260,0
DA:265,0
DA:266,0
DA:268,0
DA:271,0
DA:272,0
DA:273,0
DA:276,0
DA:277,0
DA:279,0
DA:280,0
DA:281,0
DA:282,0
DA:283,0
DA:286,0
DA:287,0
DA:289,0
DA:290,0
DA:291,0
DA:293,0
DA:294,0
DA:296,0
DA:297,0
DA:298,0
DA:299,0
DA:300,0
DA:301,0
DA:302,0
DA:303,0
DA:304,0
DA:305,0
DA:307,0
DA:308,0
DA:309,0
DA:310,0
DA:311,0
DA:313,0
DA:314,0
DA:317,0
DA:318,0
DA:320,0
DA:321,0
DA:322,0
DA:324,0
DA:325,0
DA:326,0
DA:327,0
DA:329,0
DA:331,0
DA:332,0
DA:333,0
DA:336,0
DA:337,0
DA:338,0
DA:339,0
DA:341,0
DA:342,0
DA:343,0
DA:344,0
DA:345,0
DA:346,0
DA:349,0
DA:350,0
DA:351,0
DA:352,0
DA:353,0
DA:354,0
DA:355,0
DA:357,0
DA:358,0
DA:360,0
DA:363,0
DA:364,0
DA:366,0
DA:367,0
DA:368,0
DA:370,0
DA:372,0
DA:373,0
DA:374,0
DA:375,0
DA:376,0
DA:377,0
DA:378,0
DA:379,0
DA:380,0
DA:382,0
DA:383,0
DA:384,0
DA:385,0
DA:386,0
DA:388,0
DA:389,0
DA:392,0
DA:393,0
DA:395,0
DA:396,0
DA:397,0
DA:399,0
DA:402,0
DA:403,0
DA:406,0
DA:407,0
DA:408,0
DA:411,0
DA:412,0
DA:413,0
DA:414,0
DA:415,0
DA:416,0
DA:417,0
DA:420,0
DA:421,0
DA:422,0
DA:423,0
DA:424,0
DA:425,0
DA:426,0
DA:429,0
DA:430,0
DA:431,0
DA:446,0
DA:452,0
DA:453,0
DA:454,0
DA:456,0
DA:457,0
DA:458,0
DA:459,0
DA:460,0
DA:463,1
DA:465,1
DA:466,0
DA:467,0
DA:468,0
DA:469,0
DA:470,0
DA:471,0
DA:472,0
DA:475,0
DA:476,0
DA:477,0
DA:478,0
DA:486,1
DA:487,3
DA:488,3
DA:489,1
DA:490,1
DA:491,1
DA:492,1
DA:495,2
DA:496,3
DA:497,1
DA:498,1
DA:501,2
DA:502,2
DA:503,2
LF:265
LH:20
BRDA:465,0,0,0
BRDA:468,1,0,0
BRDA:486,2,0,3
BRDA:488,3,0,1
BRDA:492,4,0,2
BRDA:496,5,0,1
BRDA:498,6,0,2
BRF:7
BRH:5
end_of_record
TN:
SF:src/components/Counter.ts
FN:9,<instance_members_initializer>
FN:279,createCounter
FNF:2
FNH:1
FNDA:0,<instance_members_initializer>
FNDA:4,createCounter
DA:1,1
DA:9,1
DA:10,0
DA:11,0
DA:14,0
DA:15,0
DA:16,0
DA:18,0
DA:19,0
DA:21,0
DA:23,0
DA:26,0
DA:27,0
DA:66,0
DA:67,0
DA:68,0
DA:71,0
DA:72,0
DA:75,0
DA:76,0
DA:77,0
DA:78,0
DA:79,0
DA:80,0
DA:81,0
DA:84,0
DA:85,0
DA:86,0
DA:87,0
DA:88,0
DA:89,0
DA:90,0
DA:91,0
DA:92,0
DA:95,0
DA:96,0
DA:97,0
DA:100,0
DA:101,0
DA:103,0
DA:104,0
DA:105,0
DA:106,0
DA:107,0
DA:108,0
DA:111,0
DA:112,0
DA:113,0
DA:114,0
DA:115,0
DA:116,0
DA:117,0
DA:120,0
DA:121,0
DA:122,0
DA:123,0
DA:124,0
DA:125,0
DA:126,0
DA:127,0
DA:130,0
DA:132,0
DA:133,0
DA:134,0
DA:135,0
DA:138,0
DA:140,0
DA:141,0
DA:144,0
DA:145,0
DA:146,0
DA:147,0
DA:148,0
DA:149,0
DA:150,0
DA:151,0
DA:152,0
DA:153,0
DA:154,0
DA:155,0
DA:156,0
DA:159,0
DA:160,0
DA:161,0
DA:162,0
DA:163,0
DA:164,0
DA:165,0
DA:166,0
DA:167,0
DA:170,0
DA:171,0
DA:172,0
DA:173,0
DA:178,0
DA:179,0
DA:180,0
DA:181,0
DA:184,0
DA:187,0
DA:190,0
DA:191,0
DA:192,0
DA:193,0
DA:194,0
DA:195,0
DA:196,0
DA:197,0
DA:198,0
DA:199,0
DA:200,0
DA:201,0
DA:204,0
DA:205,0
DA:206,0
DA:207,0
DA:208,0
DA:209,0
DA:210,0
DA:211,0
DA:212,0
DA:217,0
DA:218,0
DA:219,0
DA:222,0
DA:223,0
DA:224,0
DA:225,0
DA:227,0
DA:228,0
DA:229,0
DA:230,0
DA:231,0
DA:232,0
DA:235,0
DA:236,0
DA:237,0
DA:238,0
DA:239,0
DA:240,0
DA:241,0
DA:242,0
DA:243,0
DA:249,0
DA:250,0
DA:251,0
DA:252,0
DA:255,1
DA:257,1
DA:258,0
DA:259,0
DA:260,0
DA:261,0
DA:262,0
DA:263,0
DA:264,0
DA:267,0
DA:268,0
DA:269,0
DA:270,0
DA:279,1
DA:280,4
DA:281,4
DA:282,4
DA:283,4
DA:284,4
DA:285,4
DA:286,1
DA:287,1
DA:288,1
DA:289,1
DA:291,3
DA:292,3
DA:293,3
DA:295,3
DA:296,3
DA:297,3
LF:177
LH:21
BRDA:257,0,0,0
BRDA:260,1,0,0
BRDA:9,2,0,0
BRDA:279,3,0,4
BRDA:285,4,0,1
BRDA:289,5,0,3
BRF:6
BRH:3
end_of_record
TN:
SF:src/services/pwa.ts
FN:29,<instance_members_initializer>
FN:36,register
FN:65,setupEventListeners
FN:119,showUpdatePrompt
FN:133,isInstalled
FN:155,isRegistered
FNF:6
FNH:6
FNDA:15,<instance_members_initializer>
FNDA:6,register
FNDA:5,setupEventListeners
FNDA:2,showUpdatePrompt
FNDA:4,isInstalled
FNDA:4,isRegistered
DA:1,1
DA:2,1
DA:3,1
DA:29,1
DA:30,15
DA:36,15
DA:38,6
DA:39,1
DA:40,1
DA:42,5
DA:44,5
DA:47,5
DA:51,5
DA:52,4
DA:53,5
DA:54,6
DA:56,0
DA:57,0
DA:58,0
DA:59,0
DA:60,6
DA:65,15
DA:66,5
DA:68,5
DA:70,5
DA:71,2
DA:72,2
DA:73,2
DA:74,2
DA:75,0
DA:76,0
DA:77,5
DA:80,5
DA:81,0
DA:82,5
DA:85,5
DA:86,0
DA:87,0
DA:88,0
DA:89,0
DA:90,0
DA:91,5
DA:94,5
DA:95,0
DA:96,0
DA:97,5
DA:101,5
DA:103,0
DA:104,0
DA:105,0
DA:106,5
DA:107,5
DA:108,0
DA:109,0
DA:110,0
DA:111,5
DA:119,15
DA:122,2
DA:124,2
DA:125,1
DA:126,1
DA:127,2
DA:133,15
DA:134,4
DA:140,4
DA:141,4
DA:142,2
DA:144,4
DA:145,1
DA:146,1
DA:147,1
DA:148,1
DA:149,4
DA:155,15
DA:156,4
DA:157,1
DA:158,1
DA:160,3
DA:161,3
DA:162,3
DA:163,3
DA:164,1
DA:165,1
DA:166,1
DA:167,3
DA:168,4
DA:169,15
DA:171,1
LF:88
LH:68
BRDA:29,0,0,15
BRDA:36,1,0,6
BRDA:38,2,0,1
BRDA:40,3,0,5
BRDA:54,4,0,0
BRDA:51,5,0,4
BRDA:65,6,0,5
BRDA:66,7,0,0
BRDA:107,8,0,0
BRDA:70,9,0,2
BRDA:74,10,0,0
BRDA:119,11,0,2
BRDA:124,12,0,1
BRDA:133,13,0,4
BRDA:141,14,0,2
BRDA:144,15,0,1
BRDA:145,16,0,0
BRDA:155,17,0,4
BRDA:156,18,0,1
BRDA:158,19,0,3
BRDA:162,20,0,2
BRDA:163,21,0,1
BRDA:164,22,0,0
BRF:23
BRH:17
end_of_record
TN:
SF:src/services/sw-builder.ts
FN:1,(empty-report)
FNF:1
FNH:1
FNDA:1,(empty-report)
DA:7,0
DA:8,0
DA:9,0
DA:11,0
DA:17,0
DA:20,0
DA:101,0
DA:102,0
DA:104,0
DA:106,0
DA:107,0
DA:108,0
DA:109,0
DA:110,0
DA:113,0
DA:114,0
DA:115,0
DA:116,0
LF:18
LH:0
BRDA:1,0,0,1
BRF:1
BRH:1
end_of_record
TN:
SF:src/test-utils/types.ts
FN:1,(empty-report)
FNF:1
FNH:1
FNDA:1,(empty-report)
LF:0
LH:0
BRDA:1,0,0,1
BRF:1
BRH:1
end_of_record
TN:
SF:src/test-utils/web-components.ts
FN:16,createMockCounterElement
FN:127,createMockAppElement
FN:245,<instance_members_initializer>
FNF:3
FNH:2
FNDA:66,createMockCounterElement
FNDA:28,createMockAppElement
FNDA:0,<instance_members_initializer>
DA:8,1
DA:10,1
DA:16,1
DA:18,66
DA:21,66
DA:22,66
DA:25,66
DA:26,66
DA:29,66
DA:30,0
DA:31,0
DA:32,0
DA:33,0
DA:34,0
DA:37,66
DA:40,66
DA:41,66
DA:42,10
DA:43,10
DA:44,10
DA:47,10
DA:48,10
DA:49,10
DA:50,10
DA:51,10
DA:52,10
DA:53,10
DA:54,66
DA:56,66
DA:57,119
DA:58,119
DA:59,119
DA:60,119
DA:61,119
DA:62,119
DA:63,66
DA:65,66
DA:66,2
DA:67,66
DA:69,66
DA:71,1
DA:72,1
DA:73,1
DA:74,1
DA:75,66
DA:77,66
DA:78,66
DA:79,108
DA:80,61
DA:81,61
DA:82,89
DA:83,46
DA:84,46
DA:85,46
DA:86,108
DA:87,66
DA:90,66
DA:91,66
DA:92,66
DA:93,66
DA:95,66
DA:96,66
DA:97,66
DA:98,66
DA:100,66
DA:101,66
DA:102,66
DA:103,66
DA:105,66
DA:106,66
DA:107,66
DA:108,66
DA:110,66
DA:111,66
DA:112,66
DA:113,66
DA:115,66
DA:116,66
DA:117,66
DA:118,66
DA:120,66
DA:121,66
DA:127,1
DA:129,28
DA:132,28
DA:135,28
DA:136,28
DA:137,28
DA:138,28
DA:141,28
DA:142,0
DA:143,0
DA:144,0
DA:145,0
DA:146,0
DA:149,28
DA:150,40
DA:152,40
DA:153,36
DA:154,36
DA:157,40
DA:158,40
DA:159,40
DA:162,40
DA:163,40
DA:164,40
DA:165,40
DA:168,40
DA:169,40
DA:170,40
DA:171,40
DA:172,40
DA:173,28
DA:175,28
DA:176,4
DA:177,4
DA:178,4
DA:179,2
DA:180,2
DA:181,28
DA:183,28
DA:185,1
DA:187,1
DA:188,1
DA:189,1
DA:190,1
DA:191,1
DA:192,1
DA:193,28
DA:195,28
DA:197,0
DA:198,28
DA:200,28
DA:201,28
DA:202,10
DA:203,10
DA:204,10
DA:205,10
DA:206,10
DA:207,28
DA:210,28
DA:211,28
DA:212,28
DA:213,28
DA:215,28
DA:216,28
DA:217,28
DA:218,28
DA:220,28
DA:221,28
DA:222,28
DA:223,28
DA:225,28
DA:226,28
DA:227,28
DA:228,28
DA:230,28
DA:231,28
DA:232,28
DA:233,28
DA:236,28
DA:238,28
DA:239,28
DA:245,1
DA:246,0
DA:247,0
DA:248,0
DA:250,0
DA:251,0
DA:252,0
DA:253,0
DA:254,0
DA:255,0
DA:256,0
DA:258,0
DA:259,0
DA:260,0
DA:261,0
DA:262,0
DA:264,0
DA:265,0
DA:266,0
DA:267,0
DA:268,0
DA:269,0
DA:271,0
DA:272,0
DA:274,0
DA:276,0
DA:277,0
DA:278,0
DA:279,0
DA:280,0
DA:281,0
DA:282,0
DA:283,0
DA:284,0
DA:285,0
DA:286,0
DA:288,0
DA:289,0
DA:290,0
DA:291,0
DA:292,0
DA:293,0
DA:294,0
DA:295,0
DA:296,0
DA:298,0
DA:299,0
DA:301,0
DA:302,0
DA:303,0
DA:304,0
DA:305,0
DA:306,0
DA:307,0
DA:308,0
DA:309,0
DA:310,0
DA:311,0
DA:312,0
DA:314,0
DA:315,0
DA:316,0
DA:317,0
DA:318,0
DA:319,0
DA:321,0
DA:322,0
DA:323,0
DA:324,0
DA:325,0
DA:326,0
DA:327,0
DA:329,0
DA:330,0
DA:332,0
DA:333,0
DA:334,0
DA:335,0
DA:336,0
DA:337,0
DA:338,0
DA:339,0
DA:341,0
DA:342,0
DA:343,0
DA:344,0
DA:345,0
DA:346,0
DA:347,0
DA:348,0
DA:349,0
DA:350,0
DA:351,0
DA:352,0
DA:354,0
DA:355,0
DA:356,0
DA:357,0
LF:261
LH:153
BRDA:16,0,0,66
BRDA:29,1,0,0
BRDA:40,2,0,9
BRDA:41,3,0,10
BRDA:56,4,0,119
BRDA:65,5,0,2
BRDA:69,6,0,1
BRDA:78,7,0,108
BRDA:79,8,0,61
BRDA:79,9,0,89
BRDA:79,10,0,61
BRDA:80,11,0,40
BRDA:82,12,0,47
BRDA:82,13,0,46
BRDA:82,14,0,46
BRDA:83,15,0,0
BRDA:127,16,0,28
BRDA:141,17,0,0
BRDA:149,18,0,40
BRDA:152,19,0,36
BRDA:175,20,0,4
BRDA:178,21,0,2
BRDA:183,22,0,1
BRDA:201,23,0,10
BRDA:203,24,0,0
BRDA:245,25,0,0
BRF:26
BRH:21
end_of_record
TN:
SF:src/utils/config.ts
FN:17,getPackageVersion
FN:28,getNodeEnv
FNF:2
FNH:2
FNDA:5,getPackageVersion
FNDA:5,getNodeEnv
DA:17,1
DA:18,5
DA:20,5
DA:21,5
DA:22,5
DA:24,0
DA:25,0
DA:28,1
DA:29,5
DA:31,5
DA:32,5
DA:33,5
DA:35,0
DA:36,0
DA:39,1
DA:40,1
DA:45,1
DA:47,1
DA:49,1
DA:51,1
DA:53,1
DA:54,1
DA:55,1
DA:56,1
DA:57,1
DA:58,1
DA:59,1
DA:60,1
DA:61,1
DA:62,1
DA:67,1
DA:69,1
DA:71,1
DA:73,1
DA:74,5
DA:76,5
DA:77,0
DA:78,0
DA:80,5
DA:81,1
DA:83,1
DA:85,1
DA:86,1
LF:43
LH:37
BRDA:17,0,0,5
BRDA:22,1,0,0
BRDA:28,2,0,5
BRDA:31,3,0,0
BRDA:33,4,0,0
BRDA:73,5,0,5
BRDA:76,6,0,0
BRDA:76,7,0,0
BRF:8
BRH:3
end_of_record
TN:
SF:src/utils/dom.ts
FN:12,createElement
FN:42,appendElement
FN:61,getOrCreateElement
FNF:3
FNH:3
FNDA:6,createElement
FNDA:3,appendElement
FNDA:2,getOrCreateElement
DA:12,1
DA:13,6
DA:14,6
DA:15,6
DA:16,6
DA:17,6
DA:20,6
DA:21,3
DA:22,6
DA:25,6
DA:26,6
DA:27,4
DA:28,6
DA:29,2
DA:30,2
DA:31,6
DA:33,6
DA:34,6
DA:42,1
DA:43,3
DA:45,3
DA:46,1
DA:47,1
DA:48,1
DA:49,1
DA:51,2
DA:52,2
DA:53,2
DA:61,1
DA:62,2
DA:63,2
DA:64,1
DA:65,1
DA:67,1
DA:68,1
DA:69,1
DA:70,1
LF:37
LH:37
BRDA:12,0,0,6
BRDA:20,1,0,3
BRDA:25,2,0,6
BRDA:26,3,0,4
BRDA:28,4,0,2
BRDA:42,5,0,3
BRDA:43,6,0,2
BRDA:43,7,0,1
BRDA:45,8,0,1
BRDA:47,9,0,0
BRDA:49,10,0,2
BRDA:61,11,0,2
BRDA:63,12,0,1
BRF:13
BRH:12
end_of_record
TN:
SF:src/utils/logger.ts
FN:32,configure
FN:39,resetConfig
FN:46,getConfig
FN:53,formatMessage
FN:64,shouldLog
FN:71,logToConsole
FN:97,debug
FN:106,info
FN:115,warn
FN:124,error
FN:138,disableLogging
FNF:11
FNH:10
FNDA:11,configure
FNDA:14,resetConfig
FNDA:3,getConfig
FNDA:17,formatMessage
FNDA:22,shouldLog
FNDA:15,logToConsole
FNDA:2,debug
FNDA:10,info
FNDA:0,warn
FNDA:5,error
FNDA:1,disableLogging
DA:14,1
DA:15,1
DA:16,1
DA:17,1
DA:18,1
DA:19,1
DA:21,1
DA:22,1
DA:23,1
DA:24,1
DA:25,1
DA:27,1
DA:32,1
DA:33,11
DA:34,11
DA:39,1
DA:40,14
DA:41,14
DA:46,1
DA:47,3
DA:48,3
DA:53,1
DA:54,17
DA:55,14
DA:56,14
DA:57,14
DA:58,3
DA:59,3
DA:64,1
DA:65,22
DA:66,22
DA:71,1
DA:72,15
DA:75,15
DA:76,15
DA:77,4
DA:78,15
DA:79,11
DA:80,11
DA:81,15
DA:83,0
DA:84,0
DA:86,0
DA:87,0
DA:89,0
DA:90,0
DA:91,0
DA:92,15
DA:97,1
DA:98,2
DA:99,1
DA:100,1
DA:101,2
DA:106,1
DA:107,10
DA:108,9
DA:109,9
DA:110,10
DA:115,1
DA:116,0
DA:117,0
DA:118,0
DA:119,0
DA:124,1
DA:125,5
DA:126,5
DA:127,3
DA:128,3
DA:129,2
DA:130,2
DA:131,5
DA:132,5
DA:138,1
DA:139,1
DA:140,1
DA:141,1
DA:142,1
DA:143,1
DA:144,1
DA:146,1
DA:147,1
DA:148,1
DA:149,1
DA:150,1
DA:151,1
DA:152,1
DA:153,1
DA:154,1
DA:155,1
LF:89
LH:78
BRDA:32,0,0,11
BRDA:39,1,0,14
BRDA:46,2,0,3
BRDA:53,3,0,17
BRDA:54,4,0,14
BRDA:57,5,0,3
BRDA:64,6,0,22
BRDA:65,7,0,20
BRDA:71,8,0,15
BRDA:76,9,0,13
BRDA:76,10,0,4
BRDA:78,11,0,11
BRDA:81,12,0,0
BRDA:97,13,0,2
BRDA:98,14,0,1
BRDA:106,15,0,10
BRDA:107,16,0,9
BRDA:124,17,0,5
BRDA:126,18,0,3
BRDA:127,19,0,0
BRDA:128,20,0,2
BRDA:138,21,0,1
BRDA:141,22,0,1
BRF:23
BRH:21
end_of_record
